#
# There is insufficient memory for the Java Runtime Environment to continue.
# Native memory allocation (malloc) failed to allocate 32744 bytes for ChunkPool::allocate
# Possible reasons:
#   The system is out of physical RAM or swap space
#   The process is running with CompressedOops enabled, and the Java Heap may be blocking the growth of the native heap
# Possible solutions:
#   Reduce memory load on the system
#   Increase physical memory or swap space
#   Check if swap backing store is full
#   Decrease Java heap size (-Xmx/-Xms)
#   Decrease number of Java threads
#   Decrease Java thread stack sizes (-Xss)
#   Set larger code cache with -XX:ReservedCodeCacheSize=
#   JVM is running with Unscaled Compressed Oops mode in which the Java heap is
#     placed in the first 4GB address space. The Java Heap base address is the
#     maximum limit for the native heap growth. Please use -XX:HeapBaseMinAddress
#     to set the Java Heap base and to place the Java Heap above 4GB virtual address.
# This output file may be truncated or incomplete.
#
#  Out of Memory Error (allocation.cpp:272), pid=1412, tid=0x000000000000210c
#
# JRE version: OpenJDK Runtime Environment (8.0_242-b01) (build 1.8.0_242-release-1644-b01)
# Java VM: OpenJDK 64-Bit Server VM (25.242-b01 mixed mode windows-amd64 compressed oops)
# Failed to write core dump. Minidumps are not enabled by default on client versions of Windows
#

---------------  T H R E A D  ---------------

Current thread (0x000000001ad3e800):  JavaThread "Daemon worker" [_thread_in_vm, id=8460, stack(0x000000001c420000,0x000000001c520000)]

Stack: [0x000000001c420000,0x000000001c520000]
[error occurred during error reporting (printing stack bounds), id 0xc0000005]

Native frames: (J=compiled Java code, j=interpreted, Vv=VM code, C=native code)

Java frames: (J=compiled Java code, j=interpreted, Vv=VM code)
J 1428  java.lang.invoke.MethodHandleNatives.resolve(Ljava/lang/invoke/MemberName;Ljava/lang/Class;)Ljava/lang/invoke/MemberName; (0 bytes) @ 0x0000000002e92d66 [0x0000000002e92d00+0x66]
J 1712 C1 java.lang.invoke.MemberName$Factory.resolve(BLjava/lang/invoke/MemberName;Ljava/lang/Class;)Ljava/lang/invoke/MemberName; (145 bytes) @ 0x0000000002fa1eac [0x0000000002fa1c40+0x26c]
J 1426 C1 java.lang.invoke.MemberName$Factory.resolveOrFail(BLjava/lang/invoke/MemberName;Ljava/lang/Class;Ljava/lang/Class;)Ljava/lang/invoke/MemberName; (52 bytes) @ 0x0000000002e962e4 [0x0000000002e96260+0x84]
J 3535 C1 java.lang.invoke.MethodHandles$Lookup.resolveOrFail(BLjava/lang/invoke/MemberName;)Ljava/lang/invoke/MemberName; (39 bytes) @ 0x0000000002f4bd6c [0x0000000002f4b160+0xc0c]
J 3836 C1 java.lang.invoke.MethodHandles$Lookup.linkMethodHandleConstant(BLjava/lang/Class;Ljava/lang/String;Ljava/lang/Object;)Ljava/lang/invoke/MethodHandle; (185 bytes) @ 0x000000000352dd3c [0x000000000352d300+0xa3c]
J 2764 C1 java.lang.invoke.MethodHandleNatives.linkMethodHandleConstant(Ljava/lang/Class;ILjava/lang/Class;Ljava/lang/String;Ljava/lang/Object;)Ljava/lang/invoke/MethodHandle; (154 bytes) @ 0x0000000002b30124 [0x0000000002b2ff60+0x1c4]
v  ~StubRoutines::call_stub
j  com.android.build.gradle.tasks.MergeResources$CreationAction.handleProvider(Lorg/gradle/api/tasks/TaskProvider;)V+30
j  com.android.build.gradle.internal.tasks.factory.TaskConfigurationActions.postRegisterHook(Lorg/gradle/api/tasks/TaskProvider;)V+71
j  com.android.build.gradle.internal.tasks.factory.TaskFactoryUtils.registerTask(Lorg/gradle/api/tasks/TaskContainer;Lcom/android/build/gradle/internal/tasks/factory/TaskCreationAction;Lcom/android/build/gradle/internal/tasks/factory/PreConfigAction;Lcom/android/build/gradle/internal/tasks/factory/TaskConfigAction;Lcom/android/build/gradle/internal/tasks/factory/TaskProviderCallback;)Lorg/gradle/api/tasks/TaskProvider;+70
j  com.android.build.gradle.internal.tasks.factory.TaskFactoryImpl.register(Lcom/android/build/gradle/internal/tasks/factory/TaskCreationAction;Lcom/android/build/gradle/internal/tasks/factory/PreConfigAction;Lcom/android/build/gradle/internal/tasks/factory/TaskConfigAction;Lcom/android/build/gradle/internal/tasks/factory/TaskProviderCallback;)Lorg/gradle/api/tasks/TaskProvider;+15
j  com.android.build.gradle.internal.TaskManager.basicCreateMergeResourcesTask(Lcom/android/build/api/component/impl/ComponentPropertiesImpl;Lcom/android/build/gradle/internal/TaskManager$MergeType;Ljava/io/File;ZZZLcom/google/common/collect/ImmutableSet;Lcom/android/build/gradle/internal/tasks/factory/TaskProviderCallback;)Lorg/gradle/api/tasks/TaskProvider;+94
j  com.android.build.gradle.internal.TaskManager.createMergeResourcesTask(Lcom/android/build/api/component/impl/ComponentPropertiesImpl;ZLcom/google/common/collect/ImmutableSet;)V+55
j  com.android.build.gradle.internal.AbstractAppTaskManager.createMergeResourcesTasks(Lcom/android/build/api/variant/impl/VariantPropertiesImpl;)V+13
j  com.android.build.gradle.internal.AbstractAppTaskManager.createCommonTasks(Lcom/android/build/gradle/internal/variant/ComponentInfo;Ljava/util/List;)V+83
j  com.android.build.gradle.internal.tasks.ApplicationTaskManager.doCreateTasksForVariant(Lcom/android/build/gradle/internal/variant/ComponentInfo;Ljava/util/List;)V+15
j  com.android.build.gradle.internal.TaskManager.createTasksForVariant(Lcom/android/build/gradle/internal/variant/ComponentInfo;Ljava/util/List;)V+270
j  com.android.build.gradle.internal.TaskManager.createTasks()V+78
j  com.android.build.gradle.internal.plugins.BasePlugin.createAndroidTasks()V+383
j  com.android.build.gradle.internal.plugins.BasePlugin$$Lambda$343.call()V+4
j  com.android.builder.profile.ThreadRecorder.record(Lcom/google/wireless/android/sdk/stats/GradleBuildProfileSpan$ExecutionType;Ljava/lang/String;Ljava/lang/String;Lcom/android/builder/profile/Recorder$VoidBlock;)V+17
j  com.android.build.gradle.internal.plugins.BasePlugin.lambda$createTasks$10(Lorg/gradle/api/Project;)V+33
j  com.android.build.gradle.internal.plugins.BasePlugin$$Lambda$341.accept(Ljava/lang/Object;)V+8
j  com.android.build.gradle.internal.crash.CrashReporting$afterEvaluate$1.execute(Lorg/gradle/api/Project;)V+12
j  com.android.build.gradle.internal.crash.CrashReporting$afterEvaluate$1.execute(Ljava/lang/Object;)V+5
j  org.gradle.configuration.internal.DefaultListenerBuildOperationDecorator$BuildOperationEmittingAction$1.lambda$run$0(Ljava/lang/Object;)V+8
j  org.gradle.configuration.internal.DefaultListenerBuildOperationDecorator$BuildOperationEmittingAction$1$$Lambda$342.run()V+8
j  org.gradle.configuration.internal.DefaultUserCodeApplicationContext.reapply(Lorg/gradle/configuration/internal/UserCodeApplicationId;Ljava/lang/Runnable;)V+19
j  org.gradle.configuration.internal.DefaultListenerBuildOperationDecorator$BuildOperationEmittingAction$1.run(Lorg/gradle/internal/operations/BuildOperationContext;)V+27
J 4437 C1 org.gradle.internal.operations.DefaultBuildOperationExecutor$RunnableBuildOperationWorker.execute(Lorg/gradle/internal/operations/BuildOperation;Lorg/gradle/internal/operations/BuildOperationContext;)V (10 bytes) @ 0x0000000003706024 [0x0000000003705dc0+0x264]
j  org.gradle.internal.operations.DefaultBuildOperationExecutor$1.execute(Lorg/gradle/internal/operations/BuildOperationDescriptor;Lorg/gradle/internal/operations/DefaultBuildOperationExecutor$DefaultBuildOperationContext;Lorg/gradle/internal/operations/DefaultBuildOperationExecutor$BuildOperationExecutionListener;)Lorg/gradle/internal/operations/BuildOperation;+18
j  org.gradle.internal.operations.DefaultBuildOperationExecutor.execute(Lorg/gradle/internal/operations/BuildOperationDescriptor$Builder;Lorg/gradle/internal/operations/DefaultBuildOperationExecutor$BuildOperationState;Lorg/gradle/internal/operations/DefaultBuildOperationExecutor$BuildOperationExecution;)Lorg/gradle/internal/operations/BuildOperation;+105
J 4426 C1 org.gradle.internal.operations.DefaultBuildOperationExecutor.execute(Lorg/gradle/internal/operations/BuildOperation;Lorg/gradle/internal/operations/BuildOperationWorker;Lorg/gradle/internal/operations/DefaultBuildOperationExecutor$BuildOperationState;)V (27 bytes) @ 0x00000000036fefd4 [0x00000000036fed60+0x274]
j  org.gradle.internal.operations.DefaultBuildOperationExecutor.run(Lorg/gradle/internal/operations/RunnableBuildOperation;)V+10
j  org.gradle.configuration.internal.DefaultListenerBuildOperationDecorator$BuildOperationEmittingAction.execute(Ljava/lang/Object;)V+24
j  org.gradle.internal.event.BroadcastDispatch$ActionInvocationHandler.dispatch(Lorg/gradle/internal/dispatch/MethodInvocation;)V+27
j  org.gradle.internal.event.BroadcastDispatch$ActionInvocationHandler.dispatch(Ljava/lang/Object;)V+5
J 3974 C1 org.gradle.internal.event.AbstractBroadcastDispatch.dispatch(Lorg/gradle/internal/dispatch/MethodInvocation;Lorg/gradle/internal/dispatch/Dispatch;)V (53 bytes) @ 0x0000000003596b3c [0x0000000003596a20+0x11c]
J 1383 C1 org.gradle.internal.event.BroadcastDispatch$SingletonDispatch.dispatch(Ljava/lang/Object;)V (9 bytes) @ 0x0000000002e80e74 [0x0000000002e80c40+0x234]
J 3719 C1 org.gradle.internal.event.AbstractBroadcastDispatch.dispatch(Lorg/gradle/internal/dispatch/MethodInvocation;Ljava/util/Iterator;)V (191 bytes) @ 0x00000000034bb424 [0x00000000034bb060+0x3c4]
j  org.gradle.internal.event.BroadcastDispatch$CompositeDispatch.dispatch(Lorg/gradle/internal/dispatch/MethodInvocation;)V+11
j  org.gradle.internal.event.BroadcastDispatch$CompositeDispatch.dispatch(Ljava/lang/Object;)V+5
j  org.gradle.internal.event.ListenerBroadcast.dispatch(Lorg/gradle/internal/dispatch/MethodInvocation;)V+5
j  org.gradle.internal.event.ListenerBroadcast.dispatch(Ljava/lang/Object;)V+5
j  org.gradle.internal.dispatch.ProxyDispatchAdapter$DispatchingInvocationHandler.invoke(Ljava/lang/Object;Ljava/lang/reflect/Method;[Ljava/lang/Object;)Ljava/lang/Object;+177
j  com.sun.proxy.$Proxy34.afterEvaluate(Lorg/gradle/api/Project;Lorg/gradle/api/ProjectState;)V+20
j  org.gradle.configuration.project.LifecycleProjectEvaluator$NotifyAfterEvaluate$1.execute(Lorg/gradle/api/ProjectEvaluationListener;)V+15
j  org.gradle.configuration.project.LifecycleProjectEvaluator$NotifyAfterEvaluate$1.execute(Ljava/lang/Object;)V+5
j  org.gradle.api.internal.project.DefaultProject.stepEvaluationListener(Lorg/gradle/api/ProjectEvaluationListener;Lorg/gradle/api/Action;)Lorg/gradle/api/ProjectEvaluationListener;+19
j  org.gradle.configuration.project.LifecycleProjectEvaluator$NotifyAfterEvaluate.run(Lorg/gradle/internal/operations/BuildOperationContext;)V+25
J 4437 C1 org.gradle.internal.operations.DefaultBuildOperationExecutor$RunnableBuildOperationWorker.execute(Lorg/gradle/internal/operations/BuildOperation;Lorg/gradle/internal/operations/BuildOperationContext;)V (10 bytes) @ 0x0000000003706024 [0x0000000003705dc0+0x264]
j  org.gradle.internal.operations.DefaultBuildOperationExecutor$1.execute(Lorg/gradle/internal/operations/BuildOperationDescriptor;Lorg/gradle/internal/operations/DefaultBuildOperationExecutor$DefaultBuildOperationContext;Lorg/gradle/internal/operations/DefaultBuildOperationExecutor$BuildOperationExecutionListener;)Lorg/gradle/internal/operations/BuildOperation;+18
j  org.gradle.internal.operations.DefaultBuildOperationExecutor.execute(Lorg/gradle/internal/operations/BuildOperationDescriptor$Builder;Lorg/gradle/internal/operations/DefaultBuildOperationExecutor$BuildOperationState;Lorg/gradle/internal/operations/DefaultBuildOperationExecutor$BuildOperationExecution;)Lorg/gradle/internal/operations/BuildOperation;+105
J 4426 C1 org.gradle.internal.operations.DefaultBuildOperationExecutor.execute(Lorg/gradle/internal/operations/BuildOperation;Lorg/gradle/internal/operations/BuildOperationWorker;Lorg/gradle/internal/operations/DefaultBuildOperationExecutor$BuildOperationState;)V (27 bytes) @ 0x00000000036fefd4 [0x00000000036fed60+0x274]
j  org.gradle.internal.operations.DefaultBuildOperationExecutor.run(Lorg/gradle/internal/operations/RunnableBuildOperation;)V+10
j  org.gradle.internal.operations.DelegatingBuildOperationExecutor.run(Lorg/gradle/internal/operations/RunnableBuildOperation;)V+5
j  org.gradle.configuration.project.LifecycleProjectEvaluator$EvaluateProject$1.run()V+141
j  org.gradle.internal.Factories$1.create()Ljava/lang/Object;+4
j  org.gradle.internal.work.DefaultWorkerLeaseService.withLocks(Ljava/lang/Iterable;Lorg/gradle/internal/Factory;)Ljava/lang/Object;+26
j  org.gradle.internal.work.StopShieldingWorkerLeaseService.withLocks(Ljava/lang/Iterable;Lorg/gradle/internal/Factory;)Ljava/lang/Object;+6
j  org.gradle.api.internal.project.DefaultProjectStateRegistry$ProjectStateImpl.withProjectLock(Lorg/gradle/internal/resources/ResourceLock;Lorg/gradle/internal/Factory;)Ljava/lang/Object;+12
j  org.gradle.api.internal.project.DefaultProjectStateRegistry$ProjectStateImpl.withMutableState(Lorg/gradle/internal/Factory;)Ljava/lang/Object;+134
j  org.gradle.api.internal.project.DefaultProjectStateRegistry$ProjectStateImpl.withMutableState(Ljava/lang/Runnable;)V+5
j  org.gradle.configuration.project.LifecycleProjectEvaluator$EvaluateProject.run(Lorg/gradle/internal/operations/BuildOperationContext;)V+18
j  org.gradle.internal.operations.DefaultBuildOperationExecutor$RunnableBuildOperationWorker.execute(Lorg/gradle/internal/operations/RunnableBuildOperation;Lorg/gradle/internal/operations/BuildOperationContext;)V+2
j  org.gradle.internal.operations.DefaultBuildOperationExecutor$RunnableBuildOperationWorker.execute(Lorg/gradle/internal/operations/BuildOperation;Lorg/gradle/internal/operations/BuildOperationContext;)V+6
j  org.gradle.internal.operations.DefaultBuildOperationExecutor$1.execute(Lorg/gradle/internal/operations/BuildOperationDescriptor;Lorg/gradle/internal/operations/DefaultBuildOperationExecutor$DefaultBuildOperationContext;Lorg/gradle/internal/operations/DefaultBuildOperationExecutor$BuildOperationExecutionListener;)Lorg/gradle/internal/operations/BuildOperation;+18
j  org.gradle.internal.operations.DefaultBuildOperationExecutor.execute(Lorg/gradle/internal/operations/BuildOperationDescriptor$Builder;Lorg/gradle/internal/operations/DefaultBuildOperationExecutor$BuildOperationState;Lorg/gradle/internal/operations/DefaultBuildOperationExecutor$BuildOperationExecution;)Lorg/gradle/internal/operations/BuildOperation;+105
j  org.gradle.internal.operations.DefaultBuildOperationExecutor.execute(Lorg/gradle/internal/operations/BuildOperation;Lorg/gradle/internal/operations/BuildOperationWorker;Lorg/gradle/internal/operations/DefaultBuildOperationExecutor$BuildOperationState;)V+22
j  org.gradle.internal.operations.DefaultBuildOperationExecutor.run(Lorg/gradle/internal/operations/RunnableBuildOperation;)V+10
j  org.gradle.internal.operations.DelegatingBuildOperationExecutor.run(Lorg/gradle/internal/operations/RunnableBuildOperation;)V+5
j  org.gradle.configuration.project.LifecycleProjectEvaluator.evaluate(Lorg/gradle/api/internal/project/ProjectInternal;Lorg/gradle/api/internal/project/ProjectStateInternal;)V+22
j  org.gradle.api.internal.project.DefaultProject.evaluate()Lorg/gradle/api/internal/project/DefaultProject;+9
j  org.gradle.api.internal.project.DefaultProject.evaluate()Lorg/gradle/api/Project;+1
j  org.gradle.execution.TaskPathProjectEvaluator.configure(Lorg/gradle/api/internal/project/ProjectInternal;)V+21
j  org.gradle.execution.TaskPathProjectEvaluator.configureHierarchy(Lorg/gradle/api/internal/project/ProjectInternal;)V+41
j  org.gradle.configuration.DefaultProjectsPreparer.prepareProjects(Lorg/gradle/api/internal/GradleInternal;)V+79
j  org.gradle.configuration.BuildOperatingFiringProjectsPreparer$ConfigureBuild.run(Lorg/gradle/internal/operations/BuildOperationContext;)V+11
j  org.gradle.internal.operations.DefaultBuildOperationExecutor$RunnableBuildOperationWorker.execute(Lorg/gradle/internal/operations/RunnableBuildOperation;Lorg/gradle/internal/operations/BuildOperationContext;)V+2
j  org.gradle.internal.operations.DefaultBuildOperationExecutor$RunnableBuildOperationWorker.execute(Lorg/gradle/internal/operations/BuildOperation;Lorg/gradle/internal/operations/BuildOperationContext;)V+6
j  org.gradle.internal.operations.DefaultBuildOperationExecutor$1.execute(Lorg/gradle/internal/operations/BuildOperationDescriptor;Lorg/gradle/internal/operations/DefaultBuildOperationExecutor$DefaultBuildOperationContext;Lorg/gradle/internal/operations/DefaultBuildOperationExecutor$BuildOperationExecutionListener;)Lorg/gradle/internal/operations/BuildOperation;+18
j  org.gradle.internal.operations.DefaultBuildOperationExecutor.execute(Lorg/gradle/internal/operations/BuildOperationDescriptor$Builder;Lorg/gradle/internal/operations/DefaultBuildOperationExecutor$BuildOperationState;Lorg/gradle/internal/operations/DefaultBuildOperationExecutor$BuildOperationExecution;)Lorg/gradle/internal/operations/BuildOperation;+105
j  org.gradle.internal.operations.DefaultBuildOperationExecutor.execute(Lorg/gradle/internal/operations/BuildOperation;Lorg/gradle/internal/operations/BuildOperationWorker;Lorg/gradle/internal/operations/DefaultBuildOperationExecutor$BuildOperationState;)V+22
j  org.gradle.internal.operations.DefaultBuildOperationExecutor.run(Lorg/gradle/internal/operations/RunnableBuildOperation;)V+10
j  org.gradle.internal.operations.DelegatingBuildOperationExecutor.run(Lorg/gradle/internal/operations/RunnableBuildOperation;)V+5
j  org.gradle.configuration.BuildOperatingFiringProjectsPreparer.prepareProjects(Lorg/gradle/api/internal/GradleInternal;)V+13
j  org.gradle.initialization.DefaultGradleLauncher.prepareProjects()V+40
j  org.gradle.initialization.DefaultGradleLauncher.doClassicBuildStages(Lorg/gradle/initialization/DefaultGradleLauncher$Stage;)V+29
j  org.gradle.initialization.DefaultGradleLauncher.doBuildStages(Lorg/gradle/initialization/DefaultGradleLauncher$Stage;)V+45
j  org.gradle.initialization.DefaultGradleLauncher.executeTasks()Lorg/gradle/api/internal/GradleInternal;+4
j  org.gradle.internal.invocation.GradleBuildController$$Lambda$54.execute(Ljava/lang/Object;)V+4
j  org.gradle.internal.invocation.GradleBuildController$1.create()Lorg/gradle/api/internal/GradleInternal;+31
j  org.gradle.internal.invocation.GradleBuildController$1.create()Ljava/lang/Object;+1
j  org.gradle.internal.work.DefaultWorkerLeaseService.withLocks(Ljava/lang/Iterable;Lorg/gradle/internal/Factory;)Ljava/lang/Object;+26
j  org.gradle.internal.work.StopShieldingWorkerLeaseService.withLocks(Ljava/lang/Iterable;Lorg/gradle/internal/Factory;)Ljava/lang/Object;+6
j  org.gradle.internal.invocation.GradleBuildController.doBuild(Lorg/gradle/api/internal/GradleInternal$BuildType;Lorg/gradle/api/Action;)Lorg/gradle/api/internal/GradleInternal;+26
j  org.gradle.internal.invocation.GradleBuildController.run()Lorg/gradle/api/internal/GradleInternal;+9
j  org.gradle.tooling.internal.provider.runner.BuildModelActionRunner.run(Lorg/gradle/internal/invocation/BuildAction;Lorg/gradle/internal/invocation/BuildController;)Lorg/gradle/internal/invocation/BuildActionRunner$Result;+78
j  org.gradle.launcher.exec.ChainingBuildActionRunner.run(Lorg/gradle/internal/invocation/BuildAction;Lorg/gradle/internal/invocation/BuildController;)Lorg/gradle/internal/invocation/BuildActionRunner$Result;+34
j  org.gradle.launcher.exec.ChainingBuildActionRunner.run(Lorg/gradle/internal/invocation/BuildAction;Lorg/gradle/internal/invocation/BuildController;)Lorg/gradle/internal/invocation/BuildActionRunner$Result;+34
j  org.gradle.launcher.exec.BuildOutcomeReportingBuildActionRunner.run(Lorg/gradle/internal/invocation/BuildAction;Lorg/gradle/internal/invocation/BuildController;)Lorg/gradle/internal/invocation/BuildActionRunner$Result;+143
j  org.gradle.tooling.internal.provider.ValidatingBuildActionRunner.run(Lorg/gradle/internal/invocation/BuildAction;Lorg/gradle/internal/invocation/BuildController;)Lorg/gradle/internal/invocation/BuildActionRunner$Result;+6
j  org.gradle.launcher.exec.BuildCompletionNotifyingBuildActionRunner.run(Lorg/gradle/internal/invocation/BuildAction;Lorg/gradle/internal/invocation/BuildController;)Lorg/gradle/internal/invocation/BuildActionRunner$Result;+28
j  org.gradle.launcher.exec.RunAsBuildOperationBuildActionRunner$3.call(Lorg/gradle/internal/operations/BuildOperationContext;)Lorg/gradle/internal/invocation/BuildActionRunner$Result;+95
j  org.gradle.launcher.exec.RunAsBuildOperationBuildActionRunner$3.call(Lorg/gradle/internal/operations/BuildOperationContext;)Ljava/lang/Object;+2
j  org.gradle.internal.operations.DefaultBuildOperationExecutor$CallableBuildOperationWorker.execute(Lorg/gradle/internal/operations/CallableBuildOperation;Lorg/gradle/internal/operations/BuildOperationContext;)V+3
j  org.gradle.internal.operations.DefaultBuildOperationExecutor$CallableBuildOperationWorker.execute(Lorg/gradle/internal/operations/BuildOperation;Lorg/gradle/internal/operations/BuildOperationContext;)V+6
j  org.gradle.internal.operations.DefaultBuildOperationExecutor$1.execute(Lorg/gradle/internal/operations/BuildOperationDescriptor;Lorg/gradle/internal/operations/DefaultBuildOperationExecutor$DefaultBuildOperationContext;Lorg/gradle/internal/operations/DefaultBuildOperationExecutor$BuildOperationExecutionListener;)Lorg/gradle/internal/operations/BuildOperation;+18
j  org.gradle.internal.operations.DefaultBuildOperationExecutor.execute(Lorg/gradle/internal/operations/BuildOperationDescriptor$Builder;Lorg/gradle/internal/operations/DefaultBuildOperationExecutor$BuildOperationState;Lorg/gradle/internal/operations/DefaultBuildOperationExecutor$BuildOperationExecution;)Lorg/gradle/internal/operations/BuildOperation;+105
j  org.gradle.internal.operations.DefaultBuildOperationExecutor.execute(Lorg/gradle/internal/operations/BuildOperation;Lorg/gradle/internal/operations/BuildOperationWorker;Lorg/gradle/internal/operations/DefaultBuildOperationExecutor$BuildOperationState;)V+22
j  org.gradle.internal.operations.DefaultBuildOperationExecutor.call(Lorg/gradle/internal/operations/CallableBuildOperation;)Ljava/lang/Object;+16
j  org.gradle.internal.operations.DelegatingBuildOperationExecutor.call(Lorg/gradle/internal/operations/CallableBuildOperation;)Ljava/lang/Object;+5
j  org.gradle.launcher.exec.RunAsBuildOperationBuildActionRunner.run(Lorg/gradle/internal/invocation/BuildAction;Lorg/gradle/internal/invocation/BuildController;)Lorg/gradle/internal/invocation/BuildActionRunner$Result;+33
j  org.gradle.launcher.exec.InProcessBuildActionExecuter$1.transform(Lorg/gradle/internal/invocation/BuildController;)Lorg/gradle/launcher/exec/BuildActionResult;+12
j  org.gradle.launcher.exec.InProcessBuildActionExecuter$1.transform(Ljava/lang/Object;)Ljava/lang/Object;+5
j  org.gradle.composite.internal.DefaultRootBuildState.run(Lorg/gradle/api/Transformer;)Ljava/lang/Object;+43
j  org.gradle.launcher.exec.InProcessBuildActionExecuter.execute(Lorg/gradle/internal/invocation/BuildAction;Lorg/gradle/initialization/BuildRequestContext;Lorg/gradle/launcher/exec/BuildActionParameters;Lorg/gradle/internal/service/ServiceRegistry;)Lorg/gradle/launcher/exec/BuildActionResult;+82
j  org.gradle.launcher.exec.InProcessBuildActionExecuter.execute(Lorg/gradle/internal/invocation/BuildAction;Lorg/gradle/initialization/BuildRequestContext;Ljava/lang/Object;Lorg/gradle/internal/service/ServiceRegistry;)Lorg/gradle/launcher/exec/BuildActionResult;+9
j  org.gradle.launcher.exec.BuildTreeScopeBuildActionExecuter.execute(Lorg/gradle/internal/invocation/BuildAction;Lorg/gradle/initialization/BuildRequestContext;Lorg/gradle/launcher/exec/BuildActionParameters;Lorg/gradle/internal/service/ServiceRegistry;)Lorg/gradle/launcher/exec/BuildActionResult;+38
j  org.gradle.launcher.exec.BuildTreeScopeBuildActionExecuter.execute(Lorg/gradle/internal/invocation/BuildAction;Lorg/gradle/initialization/BuildRequestContext;Ljava/lang/Object;Lorg/gradle/internal/service/ServiceRegistry;)Lorg/gradle/launcher/exec/BuildActionResult;+9
j  org.gradle.tooling.internal.provider.ContinuousBuildActionExecuter.execute(Lorg/gradle/internal/invocation/BuildAction;Lorg/gradle/initialization/BuildRequestContext;Lorg/gradle/launcher/exec/BuildActionParameters;Lorg/gradle/internal/service/ServiceRegistry;)Lorg/gradle/launcher/exec/BuildActionResult;+58
j  org.gradle.tooling.internal.provider.ContinuousBuildActionExecuter.execute(Lorg/gradle/internal/invocation/BuildAction;Lorg/gradle/initialization/BuildRequestContext;Ljava/lang/Object;Lorg/gradle/internal/service/ServiceRegistry;)Lorg/gradle/launcher/exec/BuildActionResult;+9
j  org.gradle.tooling.internal.provider.SubscribableBuildActionExecuter.execute(Lorg/gradle/internal/invocation/BuildAction;Lorg/gradle/initialization/BuildRequestContext;Lorg/gradle/launcher/exec/BuildActionParameters;Lorg/gradle/internal/service/ServiceRegistry;)Lorg/gradle/launcher/exec/BuildActionResult;+41
j  org.gradle.tooling.internal.provider.SubscribableBuildActionExecuter.execute(Lorg/gradle/internal/invocation/BuildAction;Lorg/gradle/initialization/BuildRequestContext;Ljava/lang/Object;Lorg/gradle/internal/service/ServiceRegistry;)Lorg/gradle/launcher/exec/BuildActionResult;+9
j  org.gradle.tooling.internal.provider.SessionScopeBuildActionExecuter.execute(Lorg/gradle/internal/invocation/BuildAction;Lorg/gradle/initialization/BuildRequestContext;Lorg/gradle/launcher/exec/BuildActionParameters;Lorg/gradle/internal/service/ServiceRegistry;)Lorg/gradle/launcher/exec/BuildActionResult;+117
j  org.gradle.tooling.internal.provider.SessionScopeBuildActionExecuter.execute(Lorg/gradle/internal/invocation/BuildAction;Lorg/gradle/initialization/BuildRequestContext;Ljava/lang/Object;Lorg/gradle/internal/service/ServiceRegistry;)Lorg/gradle/launcher/exec/BuildActionResult;+9
j  org.gradle.tooling.internal.provider.GradleThreadBuildActionExecuter.execute(Lorg/gradle/internal/invocation/BuildAction;Lorg/gradle/initialization/BuildRequestContext;Lorg/gradle/launcher/exec/BuildActionParameters;Lorg/gradle/internal/service/ServiceRegistry;)Lorg/gradle/launcher/exec/BuildActionResult;+12
j  org.gradle.tooling.internal.provider.GradleThreadBuildActionExecuter.execute(Lorg/gradle/internal/invocation/BuildAction;Lorg/gradle/initialization/BuildRequestContext;Ljava/lang/Object;Lorg/gradle/internal/service/ServiceRegistry;)Lorg/gradle/launcher/exec/BuildActionResult;+9
j  org.gradle.tooling.internal.provider.StartParamsValidatingActionExecuter.execute(Lorg/gradle/internal/invocation/BuildAction;Lorg/gradle/initialization/BuildRequestContext;Lorg/gradle/launcher/exec/BuildActionParameters;Lorg/gradle/internal/service/ServiceRegistry;)Lorg/gradle/launcher/exec/BuildActionResult;+177
j  org.gradle.tooling.internal.provider.StartParamsValidatingActionExecuter.execute(Lorg/gradle/internal/invocation/BuildAction;Lorg/gradle/initialization/BuildRequestContext;Ljava/lang/Object;Lorg/gradle/internal/service/ServiceRegistry;)Lorg/gradle/launcher/exec/BuildActionResult;+9
j  org.gradle.tooling.internal.provider.SessionFailureReportingActionExecuter.execute(Lorg/gradle/internal/invocation/BuildAction;Lorg/gradle/initialization/BuildRequestContext;Lorg/gradle/launcher/exec/BuildActionParameters;Lorg/gradle/internal/service/ServiceRegistry;)Lorg/gradle/launcher/exec/BuildActionResult;+9
j  org.gradle.tooling.internal.provider.SessionFailureReportingActionExecuter.execute(Lorg/gradle/internal/invocation/BuildAction;Lorg/gradle/initialization/BuildRequestContext;Ljava/lang/Object;Lorg/gradle/internal/service/ServiceRegistry;)Lorg/gradle/launcher/exec/BuildActionResult;+9
j  org.gradle.tooling.internal.provider.SetupLoggingActionExecuter.execute(Lorg/gradle/internal/invocation/BuildAction;Lorg/gradle/initialization/BuildRequestContext;Lorg/gradle/launcher/exec/BuildActionParameters;Lorg/gradle/internal/service/ServiceRegistry;)Lorg/gradle/launcher/exec/BuildActionResult;+52
j  org.gradle.tooling.internal.provider.SetupLoggingActionExecuter.execute(Lorg/gradle/internal/invocation/BuildAction;Lorg/gradle/initialization/BuildRequestContext;Ljava/lang/Object;Lorg/gradle/internal/service/ServiceRegistry;)Lorg/gradle/launcher/exec/BuildActionResult;+9
j  org.gradle.launcher.daemon.server.exec.ExecuteBuild.doBuild(Lorg/gradle/launcher/daemon/server/api/DaemonCommandExecution;Lorg/gradle/launcher/daemon/protocol/Build;)V+118
j  org.gradle.launcher.daemon.server.exec.BuildCommandOnly.execute(Lorg/gradle/launcher/daemon/server/api/DaemonCommandExecution;)V+49
j  org.gradle.launcher.daemon.server.api.DaemonCommandExecution.proceed()Z+23
j  org.gradle.launcher.daemon.server.exec.WatchForDisconnection.execute(Lorg/gradle/launcher/daemon/server/api/DaemonCommandExecution;)V+19
j  org.gradle.launcher.daemon.server.api.DaemonCommandExecution.proceed()Z+23
j  org.gradle.launcher.daemon.server.exec.ResetDeprecationLogger.execute(Lorg/gradle/launcher/daemon/server/api/DaemonCommandExecution;)V+7
j  org.gradle.launcher.daemon.server.api.DaemonCommandExecution.proceed()Z+23
j  org.gradle.launcher.daemon.server.exec.RequestStopIfSingleUsedDaemon.execute(Lorg/gradle/launcher/daemon/server/api/DaemonCommandExecution;)V+33
j  org.gradle.launcher.daemon.server.api.DaemonCommandExecution.proceed()Z+23
j  org.gradle.launcher.daemon.server.exec.ForwardClientInput$2.create()Ljava/lang/Void;+4
j  org.gradle.launcher.daemon.server.exec.ForwardClientInput$2.create()Ljava/lang/Object;+1
j  org.gradle.util.Swapper.swap(Ljava/lang/Object;Lorg/gradle/internal/Factory;)Ljava/lang/Object;+21
j  org.gradle.launcher.daemon.server.exec.ForwardClientInput.execute(Lorg/gradle/launcher/daemon/server/api/DaemonCommandExecution;)V+63
j  org.gradle.launcher.daemon.server.api.DaemonCommandExecution.proceed()Z+23
j  org.gradle.launcher.daemon.server.exec.LogAndCheckHealth.execute(Lorg/gradle/launcher/daemon/server/api/DaemonCommandExecution;)V+28
j  org.gradle.launcher.daemon.server.api.DaemonCommandExecution.proceed()Z+23
j  org.gradle.launcher.daemon.server.exec.LogToClient.doBuild(Lorg/gradle/launcher/daemon/server/api/DaemonCommandExecution;Lorg/gradle/launcher/daemon/protocol/Build;)V+87
j  org.gradle.launcher.daemon.server.exec.BuildCommandOnly.execute(Lorg/gradle/launcher/daemon/server/api/DaemonCommandExecution;)V+49
j  org.gradle.launcher.daemon.server.api.DaemonCommandExecution.proceed()Z+23
j  org.gradle.launcher.daemon.server.exec.EstablishBuildEnvironment.doBuild(Lorg/gradle/launcher/daemon/server/api/DaemonCommandExecution;Lorg/gradle/launcher/daemon/protocol/Build;)V+351
j  org.gradle.launcher.daemon.server.exec.BuildCommandOnly.execute(Lorg/gradle/launcher/daemon/server/api/DaemonCommandExecution;)V+49
j  org.gradle.launcher.daemon.server.api.DaemonCommandExecution.proceed()Z+23
j  org.gradle.launcher.daemon.server.exec.StartBuildOrRespondWithBusy$1.run()V+44
j  org.gradle.launcher.daemon.server.DaemonStateCoordinator$1.run()V+4
j  org.gradle.internal.concurrent.ExecutorPolicy$CatchAndRecordFailures.onExecute(Ljava/lang/Runnable;)V+1
j  org.gradle.internal.concurrent.ManagedExecutorImpl$1.run()V+25
j  java.util.concurrent.ThreadPoolExecutor.runWorker(Ljava/util/concurrent/ThreadPoolExecutor$Worker;)V+95
j  java.util.concurrent.ThreadPoolExecutor$Worker.run()V+5
j  org.gradle.internal.concurrent.ThreadFactoryImpl$ManagedThreadRunnable.run()V+7
j  java.lang.Thread.run()V+11
v  ~StubRoutines::call_stub

---------------  P R O C E S S  ---------------

Java Threads: ( => current thread )
  0x00000000196d5000 JavaThread "Cache worker for Build Output Cleanup Cache (C:\Users\Rahul Shinde\AndroidStudioProjects\MyApplication2\.gradle\buildOutputCleanup)" [_thread_blocked, id=18372, stack(0x00000000257f0000,0x00000000258f0000)]
  0x00000000196d2800 JavaThread "jar transforms Thread 94" [_thread_blocked, id=17200, stack(0x00000000254f0000,0x00000000255f0000)]
  0x00000000196d4000 JavaThread "jar transforms Thread 93" [_thread_blocked, id=17432, stack(0x00000000253f0000,0x00000000254f0000)]
  0x00000000196d2000 JavaThread "jar transforms Thread 92" [_thread_blocked, id=17744, stack(0x00000000252f0000,0x00000000253f0000)]
  0x00000000196d3800 JavaThread "jar transforms Thread 91" [_thread_blocked, id=18412, stack(0x00000000251f0000,0x00000000252f0000)]
  0x000000001b13b800 JavaThread "jar transforms Thread 90" [_thread_blocked, id=5068, stack(0x00000000250f0000,0x00000000251f0000)]
  0x000000001b13a800 JavaThread "jar transforms Thread 89" [_thread_blocked, id=16828, stack(0x0000000024ff0000,0x00000000250f0000)]
  0x000000001b13a000 JavaThread "jar transforms Thread 88" [_thread_blocked, id=1580, stack(0x0000000024ef0000,0x0000000024ff0000)]
  0x000000001b132800 JavaThread "jar transforms Thread 87" [_thread_blocked, id=12256, stack(0x0000000024df0000,0x0000000024ef0000)]
  0x000000001b139000 JavaThread "jar transforms Thread 86" [_thread_blocked, id=6324, stack(0x0000000024cf0000,0x0000000024df0000)]
  0x000000001b138800 JavaThread "jar transforms Thread 85" [_thread_blocked, id=6420, stack(0x0000000024bf0000,0x0000000024cf0000)]
  0x000000001b137800 JavaThread "jar transforms Thread 84" [_thread_blocked, id=15624, stack(0x0000000024af0000,0x0000000024bf0000)]
  0x000000001b137000 JavaThread "jar transforms Thread 83" [_thread_blocked, id=16700, stack(0x00000000249f0000,0x0000000024af0000)]
  0x000000001b135800 JavaThread "jar transforms Thread 82" [_thread_blocked, id=18320, stack(0x00000000248f0000,0x00000000249f0000)]
  0x000000001b131000 JavaThread "jar transforms Thread 81" [_thread_blocked, id=14904, stack(0x00000000247f0000,0x00000000248f0000)]
  0x000000001b134800 JavaThread "jar transforms Thread 80" [_thread_blocked, id=9772, stack(0x00000000246f0000,0x00000000247f0000)]
  0x000000001b12f800 JavaThread "jar transforms Thread 79" [_thread_blocked, id=18200, stack(0x00000000245f0000,0x00000000246f0000)]
  0x000000001b130000 JavaThread "jar transforms Thread 78" [_thread_blocked, id=8340, stack(0x00000000244f0000,0x00000000245f0000)]
  0x000000001b134000 JavaThread "jar transforms Thread 77" [_thread_blocked, id=17416, stack(0x00000000243f0000,0x00000000244f0000)]
  0x000000001b136000 JavaThread "jar transforms Thread 76" [_thread_blocked, id=17064, stack(0x00000000242f0000,0x00000000243f0000)]
  0x000000001b12c800 JavaThread "jar transforms Thread 75" [_thread_blocked, id=8540, stack(0x00000000241f0000,0x00000000242f0000)]
  0x000000001b133000 JavaThread "jar transforms Thread 74" [_thread_blocked, id=18180, stack(0x00000000240f0000,0x00000000241f0000)]
  0x000000001b131800 JavaThread "jar transforms Thread 73" [_thread_blocked, id=5884, stack(0x0000000023ff0000,0x00000000240f0000)]
  0x000000001b12e800 JavaThread "jar transforms Thread 72" [_thread_blocked, id=9828, stack(0x0000000023ef0000,0x0000000023ff0000)]
  0x000000001b12e000 JavaThread "jar transforms Thread 71" [_thread_blocked, id=11372, stack(0x0000000023df0000,0x0000000023ef0000)]
  0x000000001b12d000 JavaThread "jar transforms Thread 70" [_thread_blocked, id=15800, stack(0x0000000023cf0000,0x0000000023df0000)]
  0x000000001914c800 JavaThread "jar transforms Thread 69" [_thread_blocked, id=2364, stack(0x0000000023bf0000,0x0000000023cf0000)]
  0x000000001914d800 JavaThread "jar transforms Thread 68" [_thread_blocked, id=18104, stack(0x0000000023af0000,0x0000000023bf0000)]
  0x000000001914c000 JavaThread "jar transforms Thread 67" [_thread_blocked, id=17788, stack(0x00000000239f0000,0x0000000023af0000)]
  0x000000001914a800 JavaThread "jar transforms Thread 66" [_thread_blocked, id=18376, stack(0x00000000238f0000,0x00000000239f0000)]
  0x0000000019149800 JavaThread "jar transforms Thread 65" [_thread_blocked, id=18216, stack(0x00000000237f0000,0x00000000238f0000)]
  0x0000000019146800 JavaThread "jar transforms Thread 64" [_thread_blocked, id=17828, stack(0x00000000236f0000,0x00000000237f0000)]
  0x0000000019147800 JavaThread "jar transforms Thread 63" [_thread_blocked, id=15772, stack(0x00000000235f0000,0x00000000236f0000)]
  0x0000000019149000 JavaThread "jar transforms Thread 62" [_thread_blocked, id=1456, stack(0x00000000234f0000,0x00000000235f0000)]
  0x000000001914b000 JavaThread "jar transforms Thread 61" [_thread_blocked, id=3732, stack(0x00000000233f0000,0x00000000234f0000)]
  0x0000000019148000 JavaThread "jar transforms Thread 60" [_thread_blocked, id=12768, stack(0x00000000232f0000,0x00000000233f0000)]
  0x0000000019140800 JavaThread "jar transforms Thread 59" [_thread_blocked, id=9612, stack(0x00000000231f0000,0x00000000232f0000)]
  0x0000000019146000 JavaThread "jar transforms Thread 58" [_thread_blocked, id=2932, stack(0x00000000230f0000,0x00000000231f0000)]
  0x0000000019145000 JavaThread "jar transforms Thread 57" [_thread_blocked, id=10232, stack(0x0000000022ff0000,0x00000000230f0000)]
  0x0000000019144800 JavaThread "jar transforms Thread 56" [_thread_blocked, id=8572, stack(0x0000000022ef0000,0x0000000022ff0000)]
  0x0000000019142000 JavaThread "jar transforms Thread 55" [_thread_blocked, id=16692, stack(0x0000000022df0000,0x0000000022ef0000)]
  0x0000000019143800 JavaThread "jar transforms Thread 54" [_thread_blocked, id=18408, stack(0x0000000022cf0000,0x0000000022df0000)]
  0x0000000019143000 JavaThread "jar transforms Thread 53" [_thread_blocked, id=1888, stack(0x0000000022bf0000,0x0000000022cf0000)]
  0x0000000019141000 JavaThread "jar transforms Thread 52" [_thread_blocked, id=10596, stack(0x0000000022af0000,0x0000000022bf0000)]
  0x000000001913f800 JavaThread "jar transforms Thread 51" [_thread_blocked, id=13580, stack(0x00000000229f0000,0x0000000022af0000)]
  0x000000001913f000 JavaThread "jar transforms Thread 50" [_thread_blocked, id=16868, stack(0x00000000228f0000,0x00000000229f0000)]
  0x000000001913e000 JavaThread "jar transforms Thread 49" [_thread_blocked, id=9808, stack(0x00000000227f0000,0x00000000228f0000)]
  0x0000000018990000 JavaThread "jar transforms Thread 48" [_thread_blocked, id=7468, stack(0x00000000226f0000,0x00000000227f0000)]
  0x000000001898f800 JavaThread "jar transforms Thread 47" [_thread_blocked, id=15748, stack(0x00000000225f0000,0x00000000226f0000)]
  0x000000001898e000 JavaThread "jar transforms Thread 46" [_thread_blocked, id=6708, stack(0x00000000224f0000,0x00000000225f0000)]
  0x000000001898c800 JavaThread "jar transforms Thread 45" [_thread_blocked, id=17516, stack(0x00000000223f0000,0x00000000224f0000)]
  0x000000001898b800 JavaThread "jar transforms Thread 44" [_thread_blocked, id=13496, stack(0x00000000222f0000,0x00000000223f0000)]
  0x0000000018991000 JavaThread "jar transforms Thread 43" [_thread_blocked, id=3704, stack(0x00000000221f0000,0x00000000222f0000)]
  0x000000001898d000 JavaThread "jar transforms Thread 42" [_thread_blocked, id=18040, stack(0x00000000220f0000,0x00000000221f0000)]
  0x000000001898e800 JavaThread "jar transforms Thread 41" [_thread_blocked, id=6096, stack(0x0000000021ff0000,0x00000000220f0000)]
  0x0000000018985000 JavaThread "jar transforms Thread 40" [_thread_blocked, id=468, stack(0x0000000021ef0000,0x0000000021ff0000)]
  0x0000000018984000 JavaThread "jar transforms Thread 39" [_thread_blocked, id=12644, stack(0x0000000021df0000,0x0000000021ef0000)]
  0x000000001898a000 JavaThread "jar transforms Thread 38" [_thread_blocked, id=17920, stack(0x0000000021cf0000,0x0000000021df0000)]
  0x0000000018989800 JavaThread "jar transforms Thread 37" [_thread_blocked, id=16132, stack(0x0000000021bf0000,0x0000000021cf0000)]
  0x000000001898b000 JavaThread "jar transforms Thread 36" [_thread_blocked, id=1944, stack(0x0000000021af0000,0x0000000021bf0000)]
  0x0000000018987000 JavaThread "jar transforms Thread 35" [_thread_blocked, id=18024, stack(0x00000000219f0000,0x0000000021af0000)]
  0x0000000018982800 JavaThread "jar transforms Thread 34" [_thread_blocked, id=5380, stack(0x00000000217f0000,0x00000000218f0000)]
  0x0000000018988000 JavaThread "jar transforms Thread 33" [_thread_blocked, id=14828, stack(0x00000000216f0000,0x00000000217f0000)]
  0x0000000018986800 JavaThread "jar transforms Thread 32" [_thread_blocked, id=7632, stack(0x00000000215f0000,0x00000000216f0000)]
  0x0000000018983000 JavaThread "jar transforms Thread 31" [_thread_blocked, id=6160, stack(0x00000000214f0000,0x00000000215f0000)]
  0x0000000018981800 JavaThread "jar transforms Thread 30" [_thread_blocked, id=16228, stack(0x00000000213f0000,0x00000000214f0000)]
  0x0000000018985800 JavaThread "jar transforms Thread 29" [_thread_blocked, id=17068, stack(0x00000000212f0000,0x00000000213f0000)]
  0x0000000018988800 JavaThread "jar transforms Thread 28" [_thread_blocked, id=9208, stack(0x00000000211f0000,0x00000000212f0000)]
  0x000000001b2a9000 JavaThread "jar transforms Thread 27" [_thread_blocked, id=10400, stack(0x00000000210f0000,0x00000000211f0000)]
  0x000000001b2af000 JavaThread "jar transforms Thread 26" [_thread_blocked, id=10712, stack(0x0000000020ff0000,0x00000000210f0000)]
  0x000000001b2a8000 JavaThread "jar transforms Thread 25" [_thread_blocked, id=7160, stack(0x0000000020ef0000,0x0000000020ff0000)]
  0x000000001b2aa800 JavaThread "jar transforms Thread 24" [_thread_blocked, id=9800, stack(0x0000000020df0000,0x0000000020ef0000)]
  0x000000001b2a9800 JavaThread "jar transforms Thread 23" [_thread_blocked, id=16324, stack(0x0000000020cf0000,0x0000000020df0000)]
  0x000000001b2ab000 JavaThread "jar transforms Thread 22" [_thread_blocked, id=17204, stack(0x0000000020bf0000,0x0000000020cf0000)]
  0x000000001b2ae000 JavaThread "jar transforms Thread 21" [_thread_blocked, id=12820, stack(0x0000000020af0000,0x0000000020bf0000)]
  0x000000001b2ac000 JavaThread "jar transforms Thread 20" [_thread_blocked, id=10348, stack(0x00000000209f0000,0x0000000020af0000)]
  0x000000001b2ac800 JavaThread "jar transforms Thread 19" [_thread_blocked, id=17944, stack(0x00000000208f0000,0x00000000209f0000)]
  0x000000001b2ad800 JavaThread "jar transforms Thread 18" [_thread_blocked, id=18204, stack(0x00000000207f0000,0x00000000208f0000)]
  0x0000000019c51800 JavaThread "jar transforms Thread 17" [_thread_blocked, id=17740, stack(0x00000000206f0000,0x00000000207f0000)]
  0x0000000019c51000 JavaThread "jar transforms Thread 16" [_thread_blocked, id=18020, stack(0x00000000205f0000,0x00000000206f0000)]
  0x0000000019c50000 JavaThread "jar transforms Thread 15" [_thread_blocked, id=16720, stack(0x00000000204f0000,0x00000000205f0000)]
  0x0000000019c49800 JavaThread "jar transforms Thread 14" [_thread_blocked, id=1012, stack(0x00000000203f0000,0x00000000204f0000)]
  0x0000000019c4e800 JavaThread "jar transforms Thread 13" [_thread_blocked, id=13132, stack(0x00000000202f0000,0x00000000203f0000)]
  0x0000000019c4e000 JavaThread "jar transforms Thread 12" [_thread_blocked, id=13964, stack(0x00000000201f0000,0x00000000202f0000)]
  0x0000000019c4f800 JavaThread "jar transforms Thread 11" [_thread_blocked, id=16952, stack(0x00000000200f0000,0x00000000201f0000)]
  0x0000000019c4d000 JavaThread "jar transforms Thread 10" [_thread_blocked, id=11844, stack(0x000000001fff0000,0x00000000200f0000)]
  0x0000000019c45800 JavaThread "jar transforms Thread 9" [_thread_blocked, id=18428, stack(0x000000001fef0000,0x000000001fff0000)]
  0x0000000019c4c800 JavaThread "jar transforms Thread 8" [_thread_blocked, id=16180, stack(0x000000001fdf0000,0x000000001fef0000)]
  0x0000000019c48800 JavaThread "jar transforms Thread 7" [_thread_blocked, id=16636, stack(0x000000001fcf0000,0x000000001fdf0000)]
  0x0000000019c4b800 JavaThread "jar transforms Thread 6" [_thread_blocked, id=14880, stack(0x000000001fbf0000,0x000000001fcf0000)]
  0x0000000019c46800 JavaThread "jar transforms Thread 5" [_thread_blocked, id=15544, stack(0x000000001faf0000,0x000000001fbf0000)]
  0x0000000019c45000 JavaThread "jar transforms Thread 4" [_thread_blocked, id=1512, stack(0x000000001f9f0000,0x000000001faf0000)]
  0x0000000019c4b000 JavaThread "jar transforms Thread 3" [_thread_blocked, id=7716, stack(0x000000001f8f0000,0x000000001f9f0000)]
  0x0000000019c44000 JavaThread "jar transforms Thread 2" [_thread_blocked, id=15904, stack(0x000000001f7f0000,0x000000001f8f0000)]
  0x0000000019c48000 JavaThread "Build operations Thread 2" [_thread_blocked, id=18196, stack(0x000000001f6f0000,0x000000001f7f0000)]
  0x0000000019c47000 JavaThread "Build operations" [_thread_blocked, id=17636, stack(0x000000001f5f0000,0x000000001f6f0000)]
  0x000000001af2b000 JavaThread "Cache worker for file content cache (C:\Users\Rahul Shinde\.gradle\caches\6.5\fileContent)" [_thread_blocked, id=15188, stack(0x000000001eef0000,0x000000001eff0000)]
  0x000000001af2d800 JavaThread "jar transforms" [_thread_blocked, id=3440, stack(0x000000001edf0000,0x000000001eef0000)]
  0x000000001af2c800 JavaThread "Cache worker for execution history cache (C:\Users\Rahul Shinde\.gradle\caches\6.5\executionHistory)" [_thread_blocked, id=17248, stack(0x000000001e6f0000,0x000000001e7f0000)]
  0x000000001af2f000 JavaThread "Cache worker for cache directory md-rule (C:\Users\Rahul Shinde\.gradle\caches\6.5\md-rule)" [_thread_blocked, id=17496, stack(0x000000001e5f0000,0x000000001e6f0000)]
  0x000000001af2c000 JavaThread "Cache worker for cache directory md-supplier (C:\Users\Rahul Shinde\.gradle\caches\6.5\md-supplier)" [_thread_blocked, id=16992, stack(0x000000001e4f0000,0x000000001e5f0000)]
  0x000000001af2a800 JavaThread "Cache worker for checksums cache (C:\Users\Rahul Shinde\AndroidStudioProjects\MyApplication2\.gradle\checksums)" [_thread_blocked, id=18308, stack(0x000000001e3f0000,0x000000001e4f0000)]
  0x000000001af29800 JavaThread "Cache worker for file hash cache (C:\Users\Rahul Shinde\AndroidStudioProjects\MyApplication2\.gradle\6.5\fileHashes)" [_thread_blocked, id=17912, stack(0x000000001e0f0000,0x000000001e1f0000)]
  0x000000001af2e800 JavaThread "Cache worker for file hash cache (C:\Users\Rahul Shinde\.gradle\caches\6.5\fileHashes)" [_thread_blocked, id=16536, stack(0x000000001cc20000,0x000000001cd20000)]
  0x000000001af29000 JavaThread "File lock request listener" [_thread_in_native, id=15780, stack(0x000000001cb20000,0x000000001cc20000)]
  0x000000001a37a000 JavaThread "Cache worker for journal cache (C:\Users\Rahul Shinde\.gradle\caches\journal-1)" [_thread_blocked, id=14944, stack(0x000000001ca20000,0x000000001cb20000)]
  0x000000001ad33800 JavaThread "Thread-9" [_thread_blocked, id=3276, stack(0x000000001c720000,0x000000001c820000)]
  0x000000001ad30000 JavaThread "Stdin handler" [_thread_blocked, id=13392, stack(0x000000001c620000,0x000000001c720000)]
  0x000000001ad3f000 JavaThread "Asynchronous log dispatcher for DefaultDaemonConnection: socket connection from /127.0.0.1:64926 to /127.0.0.1:64927" [_thread_blocked, id=7848, stack(0x000000001c520000,0x000000001c620000)]
=>0x000000001ad3e800 JavaThread "Daemon worker" [_thread_in_vm, id=8460, stack(0x000000001c420000,0x000000001c520000)]
  0x000000001ad27800 JavaThread "Cancel handler" [_thread_blocked, id=4228, stack(0x000000001c320000,0x000000001c420000)]
  0x0000000019bc9000 JavaThread "Handler for socket connection from /127.0.0.1:64926 to /127.0.0.1:64927" [_thread_in_native, id=17452, stack(0x000000001c220000,0x000000001c320000)]
  0x0000000019bc7000 JavaThread "Daemon" [_thread_blocked, id=2672, stack(0x000000001c120000,0x000000001c220000)]
  0x0000000019ccd000 JavaThread "Daemon periodic checks" [_thread_blocked, id=4808, stack(0x000000001be20000,0x000000001bf20000)]
  0x000000001a302000 JavaThread "Incoming local TCP Connector on port 64926" [_thread_in_native, id=15964, stack(0x000000001ac10000,0x000000001ad10000)]
  0x0000000019f89800 JavaThread "Daemon health stats" [_thread_blocked, id=8376, stack(0x000000001a5d0000,0x000000001a6d0000)]
  0x0000000017419000 JavaThread "Service Thread" daemon [_thread_blocked, id=16920, stack(0x0000000018600000,0x0000000018700000)]
  0x00000000173c3800 JavaThread "C1 CompilerThread1" daemon [_thread_blocked, id=18284, stack(0x0000000018500000,0x0000000018600000)]
  0x00000000173c1800 JavaThread "C2 CompilerThread0" daemon [_thread_in_native, id=4716, stack(0x0000000018400000,0x0000000018500000)]
  0x00000000173bf000 JavaThread "Attach Listener" daemon [_thread_blocked, id=6844, stack(0x0000000018300000,0x0000000018400000)]
  0x00000000173bc000 JavaThread "Signal Dispatcher" daemon [_thread_blocked, id=17560, stack(0x0000000018200000,0x0000000018300000)]
  0x00000000029a6800 JavaThread "Finalizer" daemon [_thread_blocked, id=18168, stack(0x0000000017ff0000,0x00000000180f0000)]
  0x00000000173a7000 JavaThread "Reference Handler" daemon [_thread_blocked, id=13340, stack(0x0000000017ef0000,0x0000000017ff0000)]
  0x0000000000eae000 JavaThread "main" [_thread_blocked, id=3832, stack(0x00000000027b0000,0x00000000028b0000)]

Other Threads:
  0x0000000017386000 VMThread [stack: 0x0000000017df0000,0x0000000017ef0000] [id=16628]
  0x000000001741c800 WatcherThread [stack: 0x0000000018700000,0x0000000018800000] [id=11044]

VM state:not at safepoint (normal execution)

VM Mutex/Monitor currently owned by a thread: None

heap address: 0x0000000080000000, size: 2048 MB, Compressed Oops mode: 32-bit
Narrow klass base: 0x0000000000000000, Narrow klass shift: 3
Compressed class space size: 1073741824 Address: 0x0000000100000000

Heap:
 PSYoungGen      total 224768K, used 113309K [0x00000000d5580000, 0x00000000e3f00000, 0x0000000100000000)
  eden space 210944K, 47% used [0x00000000d5580000,0x00000000db6a9208,0x00000000e2380000)
  from space 13824K, 99% used [0x00000000e2400000,0x00000000e317e560,0x00000000e3180000)
  to   space 8192K, 0% used [0x00000000e3700000,0x00000000e3700000,0x00000000e3f00000)
 ParOldGen       total 87040K, used 18475K [0x0000000080000000, 0x0000000085500000, 0x00000000d5580000)
  object space 87040K, 21% used [0x0000000080000000,0x000000008120adb0,0x0000000085500000)
 Metaspace       used 53317K, capacity 55444K, committed 55768K, reserved 1097728K
  class space    used 7145K, capacity 7590K, committed 7680K, reserved 1048576K

Card table byte_map: [0x0000000011d70000,0x0000000012180000] byte_map_base: 0x0000000011970000

Marking Bits: (ParMarkBitMap*) 0x0000000076e7f030
 Begin Bits: [0x0000000012630000, 0x0000000014630000)
 End Bits:   [0x0000000014630000, 0x0000000016630000)

Polling page: 0x0000000000ed0000

CodeCache: size=245760Kb used=15702Kb max_used=15702Kb free=230057Kb
 bounds [0x00000000029b0000, 0x0000000003920000, 0x00000000119b0000]
 total_blobs=5389 nmethods=4627 adapters=675
 compilation: enabled

Compilation events (10 events):
Event: 18.665 Thread 0x00000000173c3800 5004       3       com.google.common.collect.ObjectArrays::checkElementsNotNull (7 bytes)
Event: 18.665 Thread 0x00000000173c3800 nmethod 5004 0x000000000390e5d0 code [0x000000000390e740, 0x000000000390e9e8]
Event: 18.675 Thread 0x00000000173c3800 5005       3       org.gradle.api.internal.provider.Providers::internal (8 bytes)
Event: 18.675 Thread 0x00000000173c3800 nmethod 5005 0x000000000390eb50 code [0x000000000390ecc0, 0x000000000390ef50]
Event: 18.678 Thread 0x00000000173c3800 5006       1       org.gradle.api.internal.DefaultNamedDomainObjectCollection$AbstractNamedDomainObjectProvider::getType (5 bytes)
Event: 18.678 Thread 0x00000000173c3800 nmethod 5006 0x000000000390f010 code [0x000000000390f160, 0x000000000390f270]
Event: 18.690 Thread 0x00000000173c3800 5007       3       org.gradle.api.internal.DefaultCollectionCallbackActionDecorator::decorate (40 bytes)
Event: 18.691 Thread 0x00000000173c3800 nmethod 5007 0x000000000390f2d0 code [0x000000000390f4a0, 0x000000000390fd38]
Event: 18.702 Thread 0x00000000173c3800 5008       3       org.gradle.api.internal.tasks.DefaultTaskContainer_Decorated::getEventRegister (39 bytes)
Event: 18.703 Thread 0x00000000173c3800 nmethod 5008 0x0000000003910010 code [0x00000000039101e0, 0x0000000003910988]

GC Heap History (10 events):
Event: 6.048 GC heap before
{Heap before GC invocations=7 (full 1):
 PSYoungGen      total 141312K, used 5628K [0x00000000d5580000, 0x00000000deb80000, 0x0000000100000000)
  eden space 131072K, 0% used [0x00000000d5580000,0x00000000d5580000,0x00000000dd580000)
  from space 10240K, 54% used [0x00000000de180000,0x00000000de6ff050,0x00000000deb80000)
  to   space 11264K, 0% used [0x00000000dd580000,0x00000000dd580000,0x00000000de080000)
 ParOldGen       total 86016K, used 9226K [0x0000000080000000, 0x0000000085400000, 0x00000000d5580000)
  object space 86016K, 10% used [0x0000000080000000,0x0000000080902bc8,0x0000000085400000)
 Metaspace       used 20599K, capacity 21192K, committed 21248K, reserved 1067008K
  class space    used 2868K, capacity 3044K, committed 3072K, reserved 1048576K
Event: 6.115 GC heap after
Heap after GC invocations=7 (full 1):
 PSYoungGen      total 141312K, used 0K [0x00000000d5580000, 0x00000000deb80000, 0x0000000100000000)
  eden space 131072K, 0% used [0x00000000d5580000,0x00000000d5580000,0x00000000dd580000)
  from space 10240K, 0% used [0x00000000de180000,0x00000000de180000,0x00000000deb80000)
  to   space 11264K, 0% used [0x00000000dd580000,0x00000000dd580000,0x00000000de080000)
 ParOldGen       total 61952K, used 11694K [0x0000000080000000, 0x0000000083c80000, 0x00000000d5580000)
  object space 61952K, 18% used [0x0000000080000000,0x0000000080b6b8e0,0x0000000083c80000)
 Metaspace       used 20599K, capacity 21192K, committed 21248K, reserved 1067008K
  class space    used 2868K, capacity 3044K, committed 3072K, reserved 1048576K
}
Event: 8.679 GC heap before
{Heap before GC invocations=8 (full 1):
 PSYoungGen      total 141312K, used 131072K [0x00000000d5580000, 0x00000000deb80000, 0x0000000100000000)
  eden space 131072K, 100% used [0x00000000d5580000,0x00000000dd580000,0x00000000dd580000)
  from space 10240K, 0% used [0x00000000de180000,0x00000000de180000,0x00000000deb80000)
  to   space 11264K, 0% used [0x00000000dd580000,0x00000000dd580000,0x00000000de080000)
 ParOldGen       total 61952K, used 11694K [0x0000000080000000, 0x0000000083c80000, 0x00000000d5580000)
  object space 61952K, 18% used [0x0000000080000000,0x0000000080b6b8e0,0x0000000083c80000)
 Metaspace       used 32757K, capacity 33770K, committed 33920K, reserved 1079296K
  class space    used 4460K, capacity 4719K, committed 4736K, reserved 1048576K
Event: 8.738 GC heap after
Heap after GC invocations=8 (full 1):
 PSYoungGen      total 142336K, used 11235K [0x00000000d5580000, 0x00000000e4580000, 0x0000000100000000)
  eden space 131072K, 0% used [0x00000000d5580000,0x00000000d5580000,0x00000000dd580000)
  from space 11264K, 99% used [0x00000000dd580000,0x00000000de078ce0,0x00000000de080000)
  to   space 14848K, 0% used [0x00000000e3700000,0x00000000e3700000,0x00000000e4580000)
 ParOldGen       total 61952K, used 14385K [0x0000000080000000, 0x0000000083c80000, 0x00000000d5580000)
  object space 61952K, 23% used [0x0000000080000000,0x0000000080e0c458,0x0000000083c80000)
 Metaspace       used 32757K, capacity 33770K, committed 33920K, reserved 1079296K
  class space    used 4460K, capacity 4719K, committed 4736K, reserved 1048576K
}
Event: 10.979 GC heap before
{Heap before GC invocations=9 (full 1):
 PSYoungGen      total 142336K, used 43958K [0x00000000d5580000, 0x00000000e4580000, 0x0000000100000000)
  eden space 131072K, 24% used [0x00000000d5580000,0x00000000d7574cd0,0x00000000dd580000)
  from space 11264K, 99% used [0x00000000dd580000,0x00000000de078ce0,0x00000000de080000)
  to   space 14848K, 0% used [0x00000000e3700000,0x00000000e3700000,0x00000000e4580000)
 ParOldGen       total 61952K, used 14385K [0x0000000080000000, 0x0000000083c80000, 0x00000000d5580000)
  object space 61952K, 23% used [0x0000000080000000,0x0000000080e0c458,0x0000000083c80000)
 Metaspace       used 34220K, capacity 35380K, committed 35416K, reserved 1079296K
  class space    used 4698K, capacity 4969K, committed 4992K, reserved 1048576K
Event: 10.996 GC heap after
Heap after GC invocations=9 (full 1):
 PSYoungGen      total 219136K, used 8028K [0x00000000d5580000, 0x00000000e3f00000, 0x0000000100000000)
  eden space 210944K, 0% used [0x00000000d5580000,0x00000000d5580000,0x00000000e2380000)
  from space 8192K, 98% used [0x00000000e3700000,0x00000000e3ed7210,0x00000000e3f00000)
  to   space 13824K, 0% used [0x00000000e2400000,0x00000000e2400000,0x00000000e3180000)
 ParOldGen       total 61952K, used 14393K [0x0000000080000000, 0x0000000083c80000, 0x00000000d5580000)
  object space 61952K, 23% used [0x0000000080000000,0x0000000080e0e458,0x0000000083c80000)
 Metaspace       used 34220K, capacity 35380K, committed 35416K, reserved 1079296K
  class space    used 4698K, capacity 4969K, committed 4992K, reserved 1048576K
}
Event: 10.996 GC heap before
{Heap before GC invocations=10 (full 2):
 PSYoungGen      total 219136K, used 8028K [0x00000000d5580000, 0x00000000e3f00000, 0x0000000100000000)
  eden space 210944K, 0% used [0x00000000d5580000,0x00000000d5580000,0x00000000e2380000)
  from space 8192K, 98% used [0x00000000e3700000,0x00000000e3ed7210,0x00000000e3f00000)
  to   space 13824K, 0% used [0x00000000e2400000,0x00000000e2400000,0x00000000e3180000)
 ParOldGen       total 61952K, used 14393K [0x0000000080000000, 0x0000000083c80000, 0x00000000d5580000)
  object space 61952K, 23% used [0x0000000080000000,0x0000000080e0e458,0x0000000083c80000)
 Metaspace       used 34220K, capacity 35380K, committed 35416K, reserved 1079296K
  class space    used 4698K, capacity 4969K, committed 4992K, reserved 1048576K
Event: 11.114 GC heap after
Heap after GC invocations=10 (full 2):
 PSYoungGen      total 219136K, used 0K [0x00000000d5580000, 0x00000000e3f00000, 0x0000000100000000)
  eden space 210944K, 0% used [0x00000000d5580000,0x00000000d5580000,0x00000000e2380000)
  from space 8192K, 0% used [0x00000000e3700000,0x00000000e3700000,0x00000000e3f00000)
  to   space 13824K, 0% used [0x00000000e2400000,0x00000000e2400000,0x00000000e3180000)
 ParOldGen       total 87040K, used 14455K [0x0000000080000000, 0x0000000085500000, 0x00000000d5580000)
  object space 87040K, 16% used [0x0000000080000000,0x0000000080e1de28,0x0000000085500000)
 Metaspace       used 34220K, capacity 35380K, committed 35416K, reserved 1079296K
  class space    used 4698K, capacity 4969K, committed 4992K, reserved 1048576K
}
Event: 15.672 GC heap before
{Heap before GC invocations=11 (full 2):
 PSYoungGen      total 219136K, used 210944K [0x00000000d5580000, 0x00000000e3f00000, 0x0000000100000000)
  eden space 210944K, 100% used [0x00000000d5580000,0x00000000e2380000,0x00000000e2380000)
  from space 8192K, 0% used [0x00000000e3700000,0x00000000e3700000,0x00000000e3f00000)
  to   space 13824K, 0% used [0x00000000e2400000,0x00000000e2400000,0x00000000e3180000)
 ParOldGen       total 87040K, used 14455K [0x0000000080000000, 0x0000000085500000, 0x00000000d5580000)
  object space 87040K, 16% used [0x0000000080000000,0x0000000080e1de28,0x0000000085500000)
 Metaspace       used 46064K, capacity 47894K, committed 48088K, reserved 1091584K
  class space    used 6211K, capacity 6585K, committed 6656K, reserved 1048576K
Event: 15.703 GC heap after
Heap after GC invocations=11 (full 2):
 PSYoungGen      total 224768K, used 13817K [0x00000000d5580000, 0x00000000e3f00000, 0x0000000100000000)
  eden space 210944K, 0% used [0x00000000d5580000,0x00000000d5580000,0x00000000e2380000)
  from space 13824K, 99% used [0x00000000e2400000,0x00000000e317e560,0x00000000e3180000)
  to   space 8192K, 0% used [0x00000000e3700000,0x00000000e3700000,0x00000000e3f00000)
 ParOldGen       total 87040K, used 18475K [0x0000000080000000, 0x0000000085500000, 0x00000000d5580000)
  object space 87040K, 21% used [0x0000000080000000,0x000000008120adb0,0x0000000085500000)
 Metaspace       used 46064K, capacity 47894K, committed 48088K, reserved 1091584K
  class space    used 6211K, capacity 6585K, committed 6656K, reserved 1048576K
}

Deoptimization events (10 events):
Event: 15.929 Thread 0x000000001ad3e800 Uncommon trap: reason=bimorphic action=maybe_recompile pc=0x0000000003480fa8 method=java.util.regex.Pattern$CharProperty.match(Ljava/util/regex/Matcher;ILjava/lang/CharSequence;)Z @ 18
Event: 16.786 Thread 0x000000001ad3e800 Uncommon trap: reason=unstable_if action=reinterpret pc=0x00000000033e1370 method=org.gradle.internal.reflect.PropertyAccessorType.of(Ljava/lang/reflect/Method;)Lorg/gradle/internal/reflect/PropertyAccessorType; @ 56
Event: 17.327 Thread 0x000000001ad3e800 Uncommon trap: reason=unstable_if action=reinterpret pc=0x00000000037b0334 method=com.sun.org.apache.xerces.internal.impl.XMLEntityScanner.checkBeforeLoad(Lcom/sun/xml/internal/stream/Entity$ScannedEntity;II)I @ 18
Event: 17.482 Thread 0x000000001ad3e800 Uncommon trap: reason=unstable_if action=reinterpret pc=0x00000000036bc8f0 method=org.gradle.internal.instantiation.generator.AbstractClassGenerator$InjectionAnnotationValidator.validateMethod(Ljava/lang/reflect/Method;Lorg/gradle/internal/reflect/Propert
Event: 17.482 Thread 0x000000001ad3e800 Uncommon trap: reason=unstable_if action=reinterpret pc=0x00000000036cb67c method=org.gradle.internal.instantiation.generator.AbstractClassGenerator$InjectionAnnotationValidator.validateMethod(Ljava/lang/reflect/Method;Lorg/gradle/internal/reflect/Propert
Event: 17.550 Thread 0x000000001ad3e800 Uncommon trap: reason=unstable_if action=reinterpret pc=0x00000000035321f8 method=org.codehaus.groovy.runtime.metaclass.MetaMethodIndex.isNonRealMethod(Lgroovy/lang/MetaMethod;)Z @ 4
Event: 17.552 Thread 0x000000001ad3e800 Uncommon trap: reason=unstable_if action=reinterpret pc=0x00000000033c2780 method=groovy.lang.MetaClassImpl$1MOPIter.methodNameAction(Ljava/lang/Class;Lorg/codehaus/groovy/runtime/metaclass/MetaMethodIndex$Entry;)V @ 182
Event: 17.581 Thread 0x000000001ad3e800 Uncommon trap: reason=unstable_if action=reinterpret pc=0x00000000036ec45c method=java.lang.ClassLoader.checkCerts(Ljava/lang/String;Ljava/security/CodeSource;)V @ 29
Event: 17.733 Thread 0x000000001ad3e800 Uncommon trap: reason=unstable_if action=reinterpret pc=0x000000000313e66c method=java.util.WeakHashMap.eq(Ljava/lang/Object;Ljava/lang/Object;)Z @ 2
Event: 18.081 Thread 0x000000001ad3e800 Uncommon trap: reason=null_check action=make_not_entrant pc=0x000000000318b21c method=java.lang.Class.searchMethods([Ljava/lang/reflect/Method;Ljava/lang/String;[Ljava/lang/Class;)Ljava/lang/reflect/Method; @ 59

Classes redefined (0 events):
No events

Internal exceptions (10 events):
Event: 18.156 Thread 0x000000001ad3e800 Exception <a 'java/lang/ClassNotFoundException': build_cz53tu7lf1k77045l5ctfvbsj$_run_closure1$_closure4BeanInfo> (0x00000000da0e0e70) thrown at [C:\src\AOSP-openjdk-git\hotspot\src\share\vm\classfile\systemDictionary.cpp, line 210]
Event: 18.157 Thread 0x000000001ad3e800 Exception <a 'java/lang/ClassNotFoundException': build_cz53tu7lf1k77045l5ctfvbsj$_run_closure1$_closure4Customizer> (0x00000000da0f29d0) thrown at [C:\src\AOSP-openjdk-git\hotspot\src\share\vm\classfile\systemDictionary.cpp, line 210]
Event: 18.158 Thread 0x000000001ad3e800 Exception <a 'java/lang/ClassNotFoundException': build_cz53tu7lf1k77045l5ctfvbsj$_run_closure1BeanInfo> (0x00000000da1240e0) thrown at [C:\src\AOSP-openjdk-git\hotspot\src\share\vm\classfile\systemDictionary.cpp, line 210]
Event: 18.159 Thread 0x000000001ad3e800 Exception <a 'java/lang/ClassNotFoundException': build_cz53tu7lf1k77045l5ctfvbsj$_run_closure1Customizer> (0x00000000da135198) thrown at [C:\src\AOSP-openjdk-git\hotspot\src\share\vm\classfile\systemDictionary.cpp, line 210]
Event: 18.163 Thread 0x000000001ad3e800 Exception <a 'java/lang/ClassNotFoundException': org/gradle/api/JavaVersionBeanInfo> (0x00000000da1996e0) thrown at [C:\src\AOSP-openjdk-git\hotspot\src\share\vm\classfile\systemDictionary.cpp, line 210]
Event: 18.164 Thread 0x000000001ad3e800 Exception <a 'java/lang/ClassNotFoundException': org/gradle/api/JavaVersionCustomizer> (0x00000000da1c7180) thrown at [C:\src\AOSP-openjdk-git\hotspot\src\share\vm\classfile\systemDictionary.cpp, line 210]
Event: 18.167 Thread 0x000000001ad3e800 Exception <a 'java/lang/ClassNotFoundException': com/android/build/gradle/internal/CompileOptions_DecoratedBeanInfo> (0x00000000da22cec0) thrown at [C:\src\AOSP-openjdk-git\hotspot\src\share\vm\classfile\systemDictionary.cpp, line 210]
Event: 18.167 Thread 0x000000001ad3e800 Exception <a 'java/lang/ClassNotFoundException': com/android/build/gradle/internal/CompileOptionsBeanInfo> (0x00000000da2487c0) thrown at [C:\src\AOSP-openjdk-git\hotspot\src\share\vm\classfile\systemDictionary.cpp, line 210]
Event: 18.167 Thread 0x000000001ad3e800 Exception <a 'java/lang/ClassNotFoundException': com/android/build/gradle/internal/CompileOptionsCustomizer> (0x00000000da2642b8) thrown at [C:\src\AOSP-openjdk-git\hotspot\src\share\vm\classfile\systemDictionary.cpp, line 210]
Event: 18.169 Thread 0x000000001ad3e800 Exception <a 'java/lang/ClassNotFoundException': com/android/build/gradle/internal/CompileOptions_DecoratedCustomizer> (0x00000000da2956b8) thrown at [C:\src\AOSP-openjdk-git\hotspot\src\share\vm\classfile\systemDictionary.cpp, line 210]

Events (10 events):
Event: 18.707 loading class com/android/build/gradle/internal/scope/InternalArtifactType$DATA_BINDING_LAYOUT_INFO_TYPE_MERGE
Event: 18.707 loading class com/android/build/gradle/internal/scope/InternalArtifactType$DATA_BINDING_LAYOUT_INFO_TYPE_MERGE done
Event: 18.708 loading class com/android/build/gradle/internal/scope/InternalArtifactType$DATA_BINDING_LAYOUT_INFO_TYPE_PACKAGE
Event: 18.708 loading class com/android/build/gradle/internal/scope/InternalArtifactType$DATA_BINDING_LAYOUT_INFO_TYPE_PACKAGE done
Event: 18.708 loading class com/android/build/gradle/internal/scope/InternalArtifactType$MERGED_RES_BLAME_FOLDER
Event: 18.708 loading class com/android/build/gradle/internal/scope/InternalArtifactType$MERGED_RES_BLAME_FOLDER done
Event: 18.709 loading class org/gradle/api/file/DirectoryProperty
Event: 18.709 loading class org/gradle/api/file/DirectoryProperty done
Event: 18.709 loading class com/android/ide/common/resources/MergingException
Event: 18.709 loading class com/android/ide/common/resources/MergingException done


Dynamic libraries:
0x00007ff717ef0000 - 0x00007ff717f21000 	C:\Program Files\Android\Android Studio2\jre\bin\java.exe
0x00007fffe3830000 - 0x00007fffe3a25000 	C:\WINDOWS\SYSTEM32\ntdll.dll
0x00007fffe2d70000 - 0x00007fffe2e2e000 	C:\WINDOWS\System32\KERNEL32.DLL
0x00007fffe1290000 - 0x00007fffe1558000 	C:\WINDOWS\System32\KERNELBASE.dll
0x00007fffe2e30000 - 0x00007fffe2ede000 	C:\WINDOWS\System32\ADVAPI32.dll
0x00007fffe1bd0000 - 0x00007fffe1c6e000 	C:\WINDOWS\System32\msvcrt.dll
0x00007fffe2c50000 - 0x00007fffe2cec000 	C:\WINDOWS\System32\sechost.dll
0x00007fffe2ab0000 - 0x00007fffe2bd5000 	C:\WINDOWS\System32\RPCRT4.dll
0x00007fffe1890000 - 0x00007fffe1a30000 	C:\WINDOWS\System32\USER32.dll
0x00007fffe1050000 - 0x00007fffe1072000 	C:\WINDOWS\System32\win32u.dll
0x00007fffe37c0000 - 0x00007fffe37ea000 	C:\WINDOWS\System32\GDI32.dll
0x00007fffe1130000 - 0x00007fffe123b000 	C:\WINDOWS\System32\gdi32full.dll
0x00007fffe17f0000 - 0x00007fffe188d000 	C:\WINDOWS\System32\msvcp_win.dll
0x00007fffe0f50000 - 0x00007fffe1050000 	C:\WINDOWS\System32\ucrtbase.dll
0x00007fffdff40000 - 0x00007fffe01da000 	C:\WINDOWS\WinSxS\amd64_microsoft.windows.common-controls_6595b64144ccf1df_6.0.19041.1110_none_60b5254171f9507e\COMCTL32.dll
0x00007fffe22a0000 - 0x00007fffe22d0000 	C:\WINDOWS\System32\IMM32.DLL
0x0000000075b60000 - 0x0000000075c32000 	C:\Program Files\Android\Android Studio2\jre\jre\bin\msvcr100.dll
0x00000000766b0000 - 0x0000000076efb000 	C:\Program Files\Android\Android Studio2\jre\jre\bin\server\jvm.dll
0x00007fffe1bb0000 - 0x00007fffe1bb8000 	C:\WINDOWS\System32\PSAPI.DLL
0x00007fffd9770000 - 0x00007fffd9779000 	C:\WINDOWS\SYSTEM32\WSOCK32.dll
0x00007fffe1c70000 - 0x00007fffe1cdb000 	C:\WINDOWS\System32\WS2_32.dll
0x00007fffc3930000 - 0x00007fffc3957000 	C:\WINDOWS\SYSTEM32\WINMM.dll
0x00007fffda260000 - 0x00007fffda26a000 	C:\WINDOWS\SYSTEM32\VERSION.dll
0x00007fffcd9e0000 - 0x00007fffcd9ef000 	C:\Program Files\Android\Android Studio2\jre\jre\bin\verify.dll
0x00007fffbe110000 - 0x00007fffbe139000 	C:\Program Files\Android\Android Studio2\jre\jre\bin\java.dll
0x00007fffcb980000 - 0x00007fffcb996000 	C:\Program Files\Android\Android Studio2\jre\jre\bin\zip.dll
0x00007fffe22d0000 - 0x00007fffe2a14000 	C:\WINDOWS\System32\SHELL32.dll
0x00007fffdea00000 - 0x00007fffdf194000 	C:\WINDOWS\SYSTEM32\windows.storage.dll
0x00007fffe1f40000 - 0x00007fffe2294000 	C:\WINDOWS\System32\combase.dll
0x00007fffe0570000 - 0x00007fffe059c000 	C:\WINDOWS\SYSTEM32\Wldp.dll
0x00007fffe3710000 - 0x00007fffe37bd000 	C:\WINDOWS\System32\SHCORE.dll
0x00007fffe1db0000 - 0x00007fffe1e05000 	C:\WINDOWS\System32\shlwapi.dll
0x00007fffe0e90000 - 0x00007fffe0eaf000 	C:\WINDOWS\SYSTEM32\profapi.dll
0x00007fffcb3f0000 - 0x00007fffcb40a000 	C:\Program Files\Android\Android Studio2\jre\jre\bin\net.dll
0x00007fffe02f0000 - 0x00007fffe035a000 	C:\WINDOWS\system32\mswsock.dll
0x00007fffc73b0000 - 0x00007fffc73c3000 	C:\Program Files\Android\Android Studio2\jre\jre\bin\nio.dll
0x00007fffbd4f0000 - 0x00007fffbd517000 	C:\Users\Rahul Shinde\.gradle\native\f6784746aeab05261644944871eae4fe03e0ef1612fff0a4a95f87b438bc6780\windows-amd64\native-platform.dll
0x00007fffcd500000 - 0x00007fffcd50d000 	C:\Program Files\Android\Android Studio2\jre\jre\bin\management.dll
0x00007fffe0b40000 - 0x00007fffe0b58000 	C:\WINDOWS\SYSTEM32\CRYPTSP.dll
0x00007fffdf960000 - 0x00007fffdf994000 	C:\WINDOWS\system32\rsaenh.dll
0x00007fffe1660000 - 0x00007fffe1687000 	C:\WINDOWS\System32\bcrypt.dll
0x00007fffe0e10000 - 0x00007fffe0e3e000 	C:\WINDOWS\SYSTEM32\USERENV.dll
0x00007fffe1560000 - 0x00007fffe15e2000 	C:\WINDOWS\System32\bcryptprimitives.dll
0x00007fffe04e0000 - 0x00007fffe04ec000 	C:\WINDOWS\SYSTEM32\CRYPTBASE.dll
0x00007fffdfce0000 - 0x00007fffdfd1b000 	C:\WINDOWS\SYSTEM32\IPHLPAPI.DLL
0x00007fffe1bc0000 - 0x00007fffe1bc8000 	C:\WINDOWS\System32\NSI.dll
0x00007fffcb8e0000 - 0x00007fffcb8f7000 	C:\WINDOWS\SYSTEM32\dhcpcsvc6.DLL
0x00007fffcb5b0000 - 0x00007fffcb5cd000 	C:\WINDOWS\SYSTEM32\dhcpcsvc.DLL
0x00007fffdfd20000 - 0x00007fffdfdeb000 	C:\WINDOWS\SYSTEM32\DNSAPI.dll
0x00007fffcd420000 - 0x00007fffcd42b000 	C:\WINDOWS\SYSTEM32\WINNSI.DLL

VM Arguments:
jvm_args: -Xmx2048m -Dfile.encoding=UTF-8 -Duser.country=IN -Duser.language=en -Duser.variant 
java_command: org.gradle.launcher.daemon.bootstrap.GradleDaemon 6.5
java_class_path (initial): C:\Users\Rahul Shinde\.gradle\wrapper\dists\gradle-6.5-bin\6nifqtx7604sqp1q6g8wikw7p\gradle-6.5\lib\gradle-launcher-6.5.jar
Launcher Type: SUN_STANDARD

Environment Variables:
PATH=C:\WINDOWS\system32;C:\WINDOWS;C:\WINDOWS\System32\Wbem;C:\WINDOWS\System32\WindowsPowerShell\v1.0\;C:\WINDOWS\System32\OpenSSH\;C:\Users\Rahul Shinde\AppData\Local\Microsoft\WindowsApps;
USERNAME=Rahul Shinde
OS=Windows_NT
PROCESSOR_IDENTIFIER=Intel64 Family 6 Model 142 Stepping 9, GenuineIntel



---------------  S Y S T E M  ---------------

OS: Windows 10.0 , 64 bit Build 19041 (10.0.19041.1645)

CPU:total 2 (initial active 2) (2 cores per cpu, 2 threads per core) family 6 model 142 stepping 9, cmov, cx8, fxsr, mmx, sse, sse2, sse3, ssse3, sse4.1, sse4.2, popcnt, avx, avx2, aes, clmul, erms, 3dnowpref, lzcnt, ht, tsc, tscinvbit, bmi1, bmi2, adx

Memory: 4k page, physical 8254324k(322048k free), swap 33420148k(3700k free)

vm_info: OpenJDK 64-Bit Server VM (25.242-b01) for windows-amd64 JRE (1.8.0_242-release-1644-b01), built by "builder" with MS VC++ 10.0 (VS2010)

time: Wed May 04 12:00:14 2022
timezone: India Standard Time
elapsed time: 18 seconds (0d 0h 0m 18s)

