#
# There is insufficient memory for the Java Runtime Environment to continue.
# Native memory allocation (malloc) failed to allocate 32744 bytes for ChunkPool::allocate
# Possible reasons:
#   The system is out of physical RAM or swap space
#   The process is running with CompressedOops enabled, and the Java Heap may be blocking the growth of the native heap
# Possible solutions:
#   Reduce memory load on the system
#   Increase physical memory or swap space
#   Check if swap backing store is full
#   Decrease Java heap size (-Xmx/-Xms)
#   Decrease number of Java threads
#   Decrease Java thread stack sizes (-Xss)
#   Set larger code cache with -XX:ReservedCodeCacheSize=
#   JVM is running with Unscaled Compressed Oops mode in which the Java heap is
#     placed in the first 4GB address space. The Java Heap base address is the
#     maximum limit for the native heap growth. Please use -XX:HeapBaseMinAddress
#     to set the Java Heap base and to place the Java Heap above 4GB virtual address.
# This output file may be truncated or incomplete.
#
#  Out of Memory Error (allocation.cpp:272), pid=2920, tid=0x00000000000016c4
#
# JRE version: OpenJDK Runtime Environment (8.0_242-b01) (build 1.8.0_242-release-1644-b01)
# Java VM: OpenJDK 64-Bit Server VM (25.242-b01 mixed mode windows-amd64 compressed oops)
# Failed to write core dump. Minidumps are not enabled by default on client versions of Windows
#

---------------  T H R E A D  ---------------

Current thread (0x0000000017025800):  VMThread [stack: 0x0000000017a90000,0x0000000017b90000] [id=5828]

Stack: [0x0000000017a90000,0x0000000017b90000]
[error occurred during error reporting (printing stack bounds), id 0xc0000005]

Native frames: (J=compiled Java code, j=interpreted, Vv=VM code, C=native code)

VM_Operation (0x0000000017d8ef90): BulkRevokeBias, mode: safepoint, requested by thread 0x0000000002676800


---------------  P R O C E S S  ---------------

Java Threads: ( => current thread )
  0x000000001d1bc800 JavaThread "Cache worker for Build Output Cleanup Cache (C:\Users\Rahul Shinde\AndroidStudioProjects\MyApplication2\.gradle\buildOutputCleanup)" [_thread_blocked, id=15624, stack(0x00000000265d0000,0x00000000266d0000)]
  0x000000001d1bc000 JavaThread "jar transforms Thread 94" [_thread_blocked, id=16700, stack(0x00000000262d0000,0x00000000263d0000)]
  0x000000001d1bb000 JavaThread "jar transforms Thread 93" [_thread_blocked, id=18320, stack(0x00000000261d0000,0x00000000262d0000)]
  0x000000001d1b3800 JavaThread "jar transforms Thread 92" [_thread_blocked, id=14904, stack(0x00000000260d0000,0x00000000261d0000)]
  0x000000001d1b9000 JavaThread "jar transforms Thread 91" [_thread_blocked, id=9772, stack(0x0000000025fd0000,0x00000000260d0000)]
  0x000000001d1ba800 JavaThread "jar transforms Thread 90" [_thread_blocked, id=18200, stack(0x0000000025ed0000,0x0000000025fd0000)]
  0x000000001d1b9800 JavaThread "jar transforms Thread 89" [_thread_blocked, id=8340, stack(0x0000000025dd0000,0x0000000025ed0000)]
  0x000000001d1b1800 JavaThread "jar transforms Thread 88" [_thread_blocked, id=17416, stack(0x0000000025cd0000,0x0000000025dd0000)]
  0x000000001d1b4800 JavaThread "jar transforms Thread 87" [_thread_blocked, id=17064, stack(0x0000000025bd0000,0x0000000025cd0000)]
  0x000000001d1b8000 JavaThread "jar transforms Thread 86" [_thread_blocked, id=8540, stack(0x0000000025ad0000,0x0000000025bd0000)]
  0x000000001d1b3000 JavaThread "jar transforms Thread 85" [_thread_blocked, id=18180, stack(0x00000000259d0000,0x0000000025ad0000)]
  0x000000001d1b2000 JavaThread "jar transforms Thread 84" [_thread_blocked, id=5884, stack(0x00000000258d0000,0x00000000259d0000)]
  0x000000001d1b7800 JavaThread "jar transforms Thread 83" [_thread_blocked, id=9828, stack(0x00000000257d0000,0x00000000258d0000)]
  0x000000001d1b6800 JavaThread "jar transforms Thread 82" [_thread_blocked, id=11372, stack(0x00000000256d0000,0x00000000257d0000)]
  0x000000001d1b6000 JavaThread "jar transforms Thread 81" [_thread_blocked, id=15800, stack(0x00000000255d0000,0x00000000256d0000)]
  0x000000001af02800 JavaThread "jar transforms Thread 80" [_thread_blocked, id=2364, stack(0x00000000254d0000,0x00000000255d0000)]
  0x000000001af01000 JavaThread "jar transforms Thread 79" [_thread_blocked, id=18104, stack(0x00000000253d0000,0x00000000254d0000)]
  0x000000001af00000 JavaThread "jar transforms Thread 78" [_thread_blocked, id=17788, stack(0x00000000252d0000,0x00000000253d0000)]
  0x000000001af01800 JavaThread "jar transforms Thread 77" [_thread_blocked, id=18376, stack(0x00000000251d0000,0x00000000252d0000)]
  0x000000001aef8800 JavaThread "jar transforms Thread 76" [_thread_blocked, id=18216, stack(0x00000000250d0000,0x00000000251d0000)]
  0x000000001aefe000 JavaThread "jar transforms Thread 75" [_thread_blocked, id=17828, stack(0x0000000024fd0000,0x00000000250d0000)]
  0x000000001aeff800 JavaThread "jar transforms Thread 74" [_thread_blocked, id=15772, stack(0x0000000024ed0000,0x0000000024fd0000)]
  0x000000001aef8000 JavaThread "jar transforms Thread 73" [_thread_blocked, id=1456, stack(0x0000000024dd0000,0x0000000024ed0000)]
  0x000000001aefe800 JavaThread "jar transforms Thread 72" [_thread_blocked, id=3732, stack(0x0000000024cd0000,0x0000000024dd0000)]
  0x000000001aefd000 JavaThread "jar transforms Thread 71" [_thread_blocked, id=12768, stack(0x0000000024bd0000,0x0000000024cd0000)]
  0x000000001aef9800 JavaThread "jar transforms Thread 70" [_thread_blocked, id=9612, stack(0x0000000024ad0000,0x0000000024bd0000)]
  0x000000001aefc800 JavaThread "jar transforms Thread 69" [_thread_blocked, id=2932, stack(0x00000000249d0000,0x0000000024ad0000)]
  0x000000001aef5000 JavaThread "jar transforms Thread 68" [_thread_blocked, id=10232, stack(0x00000000248d0000,0x00000000249d0000)]
  0x000000001aefb800 JavaThread "jar transforms Thread 67" [_thread_blocked, id=8572, stack(0x00000000247d0000,0x00000000248d0000)]
  0x000000001aef7000 JavaThread "jar transforms Thread 66" [_thread_blocked, id=16692, stack(0x00000000246d0000,0x00000000247d0000)]
  0x000000001aef5800 JavaThread "jar transforms Thread 65" [_thread_blocked, id=18408, stack(0x00000000245d0000,0x00000000246d0000)]
  0x000000001aef4000 JavaThread "jar transforms Thread 64" [_thread_blocked, id=1888, stack(0x00000000244d0000,0x00000000245d0000)]
  0x000000001aef6800 JavaThread "jar transforms Thread 63" [_thread_blocked, id=10596, stack(0x00000000243d0000,0x00000000244d0000)]
  0x000000001aefb000 JavaThread "jar transforms Thread 62" [_thread_blocked, id=13580, stack(0x00000000242d0000,0x00000000243d0000)]
  0x000000001aef3800 JavaThread "jar transforms Thread 61" [_thread_blocked, id=16868, stack(0x00000000241d0000,0x00000000242d0000)]
  0x000000001aefa000 JavaThread "jar transforms Thread 60" [_thread_blocked, id=9808, stack(0x00000000240d0000,0x00000000241d0000)]
  0x0000000018576800 JavaThread "jar transforms Thread 59" [_thread_blocked, id=7468, stack(0x0000000023fd0000,0x00000000240d0000)]
  0x0000000018575000 JavaThread "jar transforms Thread 58" [_thread_blocked, id=15748, stack(0x0000000023ed0000,0x0000000023fd0000)]
  0x0000000018574800 JavaThread "jar transforms Thread 57" [_thread_blocked, id=6708, stack(0x0000000023dd0000,0x0000000023ed0000)]
  0x0000000018571800 JavaThread "jar transforms Thread 56" [_thread_blocked, id=17516, stack(0x0000000023cd0000,0x0000000023dd0000)]
  0x0000000018573800 JavaThread "jar transforms Thread 55" [_thread_blocked, id=13496, stack(0x0000000023bd0000,0x0000000023cd0000)]
  0x0000000018572000 JavaThread "jar transforms Thread 54" [_thread_blocked, id=3704, stack(0x0000000023ad0000,0x0000000023bd0000)]
  0x0000000018578000 JavaThread "jar transforms Thread 53" [_thread_blocked, id=18040, stack(0x00000000239d0000,0x0000000023ad0000)]
  0x0000000018573000 JavaThread "jar transforms Thread 52" [_thread_blocked, id=6096, stack(0x00000000238d0000,0x00000000239d0000)]
  0x0000000018576000 JavaThread "jar transforms Thread 51" [_thread_blocked, id=468, stack(0x00000000237d0000,0x00000000238d0000)]
  0x0000000018577800 JavaThread "jar transforms Thread 50" [_thread_blocked, id=12644, stack(0x00000000236d0000,0x00000000237d0000)]
  0x000000001856a800 JavaThread "jar transforms Thread 49" [_thread_blocked, id=17920, stack(0x00000000235d0000,0x00000000236d0000)]
  0x0000000018570800 JavaThread "jar transforms Thread 48" [_thread_blocked, id=16132, stack(0x00000000234d0000,0x00000000235d0000)]
  0x0000000018569000 JavaThread "jar transforms Thread 47" [_thread_blocked, id=1944, stack(0x00000000233d0000,0x00000000234d0000)]
  0x0000000018570000 JavaThread "jar transforms Thread 46" [_thread_blocked, id=18024, stack(0x00000000232d0000,0x00000000233d0000)]
  0x000000001856f000 JavaThread "jar transforms Thread 45" [_thread_blocked, id=5380, stack(0x00000000231d0000,0x00000000232d0000)]
  0x000000001856c000 JavaThread "jar transforms Thread 44" [_thread_blocked, id=14828, stack(0x00000000230d0000,0x00000000231d0000)]
  0x000000001856d000 JavaThread "jar transforms Thread 43" [_thread_blocked, id=7632, stack(0x0000000022fd0000,0x00000000230d0000)]
  0x000000001856d800 JavaThread "jar transforms Thread 42" [_thread_blocked, id=6160, stack(0x0000000022ed0000,0x0000000022fd0000)]
  0x000000001856a000 JavaThread "jar transforms Thread 41" [_thread_blocked, id=16228, stack(0x0000000022dd0000,0x0000000022ed0000)]
  0x000000001856b800 JavaThread "jar transforms Thread 40" [_thread_blocked, id=17068, stack(0x0000000022cd0000,0x0000000022dd0000)]
  0x000000001856e800 JavaThread "jar transforms Thread 39" [_thread_blocked, id=9208, stack(0x0000000022bd0000,0x0000000022cd0000)]
  0x000000001d2ef000 JavaThread "jar transforms Thread 38" [_thread_blocked, id=10400, stack(0x00000000229d0000,0x0000000022ad0000)]
  0x000000001d2ec800 JavaThread "jar transforms Thread 37" [_thread_blocked, id=10712, stack(0x00000000228d0000,0x00000000229d0000)]
  0x000000001d2ec000 JavaThread "jar transforms Thread 36" [_thread_blocked, id=7160, stack(0x00000000227d0000,0x00000000228d0000)]
  0x000000001d2eb000 JavaThread "jar transforms Thread 35" [_thread_blocked, id=9800, stack(0x00000000226d0000,0x00000000227d0000)]
  0x000000001d2ed800 JavaThread "jar transforms Thread 34" [_thread_blocked, id=16324, stack(0x00000000225d0000,0x00000000226d0000)]
  0x000000001d2ea800 JavaThread "jar transforms Thread 33" [_thread_blocked, id=17204, stack(0x00000000224d0000,0x00000000225d0000)]
  0x000000001d2ee000 JavaThread "jar transforms Thread 32" [_thread_blocked, id=12820, stack(0x00000000223d0000,0x00000000224d0000)]
  0x000000001d2e3000 JavaThread "jar transforms Thread 31" [_thread_blocked, id=10348, stack(0x00000000222d0000,0x00000000223d0000)]
  0x000000001d2e9800 JavaThread "jar transforms Thread 30" [_thread_blocked, id=17944, stack(0x00000000221d0000,0x00000000222d0000)]
  0x000000001d2e6000 JavaThread "jar transforms Thread 29" [_thread_blocked, id=18204, stack(0x00000000220d0000,0x00000000221d0000)]
  0x000000001d2e9000 JavaThread "jar transforms Thread 28" [_thread_blocked, id=17740, stack(0x0000000021fd0000,0x00000000220d0000)]
  0x000000001d2e5000 JavaThread "jar transforms Thread 27" [_thread_blocked, id=18020, stack(0x0000000021ed0000,0x0000000021fd0000)]
  0x000000001d2e4800 JavaThread "jar transforms Thread 26" [_thread_blocked, id=16720, stack(0x0000000021dd0000,0x0000000021ed0000)]
  0x000000001d2e1800 JavaThread "jar transforms Thread 25" [_thread_blocked, id=1012, stack(0x0000000021cd0000,0x0000000021dd0000)]
  0x000000001d2e8000 JavaThread "jar transforms Thread 24" [_thread_blocked, id=13132, stack(0x0000000021bd0000,0x0000000021cd0000)]
  0x000000001d2e7800 JavaThread "jar transforms Thread 23" [_thread_blocked, id=13964, stack(0x0000000021ad0000,0x0000000021bd0000)]
  0x000000001d2e2000 JavaThread "jar transforms Thread 22" [_thread_blocked, id=16952, stack(0x00000000219d0000,0x0000000021ad0000)]
  0x000000001d2e6800 JavaThread "jar transforms Thread 21" [_thread_blocked, id=11844, stack(0x00000000218d0000,0x00000000219d0000)]
  0x000000001d2e3800 JavaThread "jar transforms Thread 20" [_thread_blocked, id=18428, stack(0x00000000217d0000,0x00000000218d0000)]
  0x000000001d2e0800 JavaThread "jar transforms Thread 19" [_thread_blocked, id=16180, stack(0x00000000216d0000,0x00000000217d0000)]
  0x000000001d2e0000 JavaThread "jar transforms Thread 18" [_thread_blocked, id=16636, stack(0x00000000215d0000,0x00000000216d0000)]
  0x000000001e4a5000 JavaThread "jar transforms Thread 17" [_thread_blocked, id=14880, stack(0x00000000214d0000,0x00000000215d0000)]
  0x000000001e4a4000 JavaThread "jar transforms Thread 16" [_thread_blocked, id=15544, stack(0x00000000213d0000,0x00000000214d0000)]
  0x000000001e4a2800 JavaThread "jar transforms Thread 15" [_thread_blocked, id=1512, stack(0x00000000212d0000,0x00000000213d0000)]
  0x000000001e4a2000 JavaThread "jar transforms Thread 14" [_thread_blocked, id=7716, stack(0x00000000211d0000,0x00000000212d0000)]
  0x000000001e4a7000 JavaThread "jar transforms Thread 13" [_thread_blocked, id=15904, stack(0x00000000210d0000,0x00000000211d0000)]
  0x000000001e4a8800 JavaThread "jar transforms Thread 12" [_thread_blocked, id=18196, stack(0x0000000020fd0000,0x00000000210d0000)]
  0x000000001e4a3800 JavaThread "jar transforms Thread 11" [_thread_blocked, id=17636, stack(0x0000000020ed0000,0x0000000020fd0000)]
  0x000000001e4a6800 JavaThread "jar transforms Thread 10" [_thread_blocked, id=3276, stack(0x0000000020dd0000,0x0000000020ed0000)]
  0x000000001e4a5800 JavaThread "jar transforms Thread 9" [_thread_blocked, id=15188, stack(0x0000000020cd0000,0x0000000020dd0000)]
  0x000000001e4a8000 JavaThread "jar transforms Thread 8" [_thread_blocked, id=3440, stack(0x0000000020bd0000,0x0000000020cd0000)]
  0x000000001e49a000 JavaThread "jar transforms Thread 7" [_thread_blocked, id=17248, stack(0x0000000020ad0000,0x0000000020bd0000)]
  0x000000001e4a0800 JavaThread "jar transforms Thread 6" [_thread_blocked, id=17496, stack(0x00000000209d0000,0x0000000020ad0000)]
  0x000000001e49f800 JavaThread "jar transforms Thread 5" [_thread_blocked, id=16992, stack(0x00000000208d0000,0x00000000209d0000)]
  0x000000001e49e800 JavaThread "jar transforms Thread 4" [_thread_blocked, id=18308, stack(0x00000000207d0000,0x00000000208d0000)]
  0x000000001e49d000 JavaThread "jar transforms Thread 3" [_thread_blocked, id=7848, stack(0x00000000206d0000,0x00000000207d0000)]
  0x000000001e49c800 JavaThread "jar transforms Thread 2" [_thread_blocked, id=17912, stack(0x00000000205d0000,0x00000000206d0000)]
  0x000000001e49b000 JavaThread "Build operations Thread 2" [_thread_blocked, id=16536, stack(0x0000000020230000,0x0000000020330000)]
  0x000000001e4a1000 JavaThread "Build operations" [_thread_blocked, id=15780, stack(0x0000000020130000,0x0000000020230000)]
  0x000000001ad12000 JavaThread "Cache worker for file content cache (C:\Users\Rahul Shinde\.gradle\caches\6.5\fileContent)" [_thread_blocked, id=16116, stack(0x000000001fc30000,0x000000001fd30000)]
  0x000000001ad12800 JavaThread "jar transforms" [_thread_blocked, id=14944, stack(0x000000001fb30000,0x000000001fc30000)]
  0x000000001ad16800 JavaThread "Cache worker for execution history cache (C:\Users\Rahul Shinde\.gradle\caches\6.5\executionHistory)" [_thread_blocked, id=13392, stack(0x000000001f430000,0x000000001f530000)]
  0x000000001ad13800 JavaThread "Cache worker for cache directory md-rule (C:\Users\Rahul Shinde\.gradle\caches\6.5\md-rule)" [_thread_blocked, id=4228, stack(0x000000001f330000,0x000000001f430000)]
  0x000000001ad11000 JavaThread "Cache worker for cache directory md-supplier (C:\Users\Rahul Shinde\.gradle\caches\6.5\md-supplier)" [_thread_blocked, id=17452, stack(0x000000001e260000,0x000000001e360000)]
  0x000000001ad10800 JavaThread "Cache worker for checksums cache (C:\Users\Rahul Shinde\AndroidStudioProjects\MyApplication2\.gradle\checksums)" [_thread_blocked, id=2672, stack(0x000000001de80000,0x000000001df80000)]
  0x000000001ad15000 JavaThread "Cache worker for file hash cache (C:\Users\Rahul Shinde\AndroidStudioProjects\MyApplication2\.gradle\6.5\fileHashes)" [_thread_blocked, id=15964, stack(0x000000001db80000,0x000000001dc80000)]
  0x000000001ad14000 JavaThread "Cache worker for file hash cache (C:\Users\Rahul Shinde\.gradle\caches\6.5\fileHashes)" [_thread_blocked, id=17668, stack(0x000000001c8b0000,0x000000001c9b0000)]
  0x000000001ad15800 JavaThread "File lock request listener" [_thread_in_native, id=8376, stack(0x000000001c7b0000,0x000000001c8b0000)]
  0x000000001ad28800 JavaThread "Cache worker for journal cache (C:\Users\Rahul Shinde\.gradle\caches\journal-1)" [_thread_blocked, id=11044, stack(0x000000001c6b0000,0x000000001c7b0000)]
  0x000000001aa78000 JavaThread "Thread-9" [_thread_blocked, id=18284, stack(0x000000001c3b0000,0x000000001c4b0000)]
  0x000000001a055800 JavaThread "Stdin handler" [_thread_blocked, id=4716, stack(0x000000001c2b0000,0x000000001c3b0000)]
  0x000000001a05a800 JavaThread "Asynchronous log dispatcher for DefaultDaemonConnection: socket connection from /127.0.0.1:64938 to /127.0.0.1:64939" [_thread_blocked, id=6844, stack(0x000000001c1b0000,0x000000001c2b0000)]
  0x000000001a043000 JavaThread "Daemon worker" [_thread_blocked, id=13340, stack(0x000000001c0b0000,0x000000001c1b0000)]
  0x000000001a019000 JavaThread "Cancel handler" [_thread_blocked, id=16628, stack(0x000000001bfb0000,0x000000001c0b0000)]
  0x000000001a01d000 JavaThread "Handler for socket connection from /127.0.0.1:64938 to /127.0.0.1:64939" [_thread_in_native, id=3648, stack(0x000000001beb0000,0x000000001bfb0000)]
  0x0000000019974000 JavaThread "Daemon" [_thread_blocked, id=18280, stack(0x000000001bdb0000,0x000000001beb0000)]
  0x000000001a022800 JavaThread "Daemon periodic checks" [_thread_blocked, id=16744, stack(0x000000001bcb0000,0x000000001bdb0000)]
  0x0000000019fbf800 JavaThread "Incoming local TCP Connector on port 64938" [_thread_in_native, id=10208, stack(0x000000001a8a0000,0x000000001a9a0000)]
  0x00000000184f7000 JavaThread "Daemon health stats" [_thread_blocked, id=16492, stack(0x000000001a260000,0x000000001a360000)]
  0x00000000170d5800 JavaThread "Service Thread" daemon [_thread_blocked, id=17952, stack(0x0000000018290000,0x0000000018390000)]
  0x0000000017063800 JavaThread "C1 CompilerThread1" daemon [_thread_blocked, id=18344, stack(0x0000000018190000,0x0000000018290000)]
  0x0000000017061800 JavaThread "C2 CompilerThread0" daemon [_thread_blocked, id=6460, stack(0x0000000018090000,0x0000000018190000)]
  0x000000001705f000 JavaThread "Attach Listener" daemon [_thread_blocked, id=9936, stack(0x0000000017f90000,0x0000000018090000)]
  0x000000001705c000 JavaThread "Signal Dispatcher" daemon [_thread_blocked, id=3544, stack(0x0000000017e90000,0x0000000017f90000)]
  0x0000000002676800 JavaThread "Finalizer" daemon [_thread_blocked, id=5572, stack(0x0000000017c90000,0x0000000017d90000)]
  0x0000000017047000 JavaThread "Reference Handler" daemon [_thread_blocked, id=14228, stack(0x0000000017b90000,0x0000000017c90000)]
  0x00000000003ae000 JavaThread "main" [_thread_blocked, id=9448, stack(0x00000000023f0000,0x00000000024f0000)]

Other Threads:
=>0x0000000017025800 VMThread [stack: 0x0000000017a90000,0x0000000017b90000] [id=5828]
  0x00000000170f8800 WatcherThread [stack: 0x0000000018390000,0x0000000018490000] [id=13504]

VM state:at safepoint (normal execution)

VM Mutex/Monitor currently owned by a thread:  ([mutex/lock_event])
[0x00000000003ac880] Threads_lock - owner thread: 0x0000000017025800

heap address: 0x0000000080000000, size: 2048 MB, Compressed Oops mode: 32-bit
Narrow klass base: 0x0000000000000000, Narrow klass shift: 3
Compressed class space size: 1073741824 Address: 0x0000000100000000

Heap:
 PSYoungGen      total 297472K, used 5202K [0x00000000d5580000, 0x00000000e9400000, 0x0000000100000000)
  eden space 279040K, 1% used [0x00000000d5580000,0x00000000d5a94950,0x00000000e6600000)
  from space 18432K, 0% used [0x00000000e7e00000,0x00000000e7e00000,0x00000000e9000000)
  to   space 23552K, 0% used [0x00000000e6600000,0x00000000e6600000,0x00000000e7d00000)
 ParOldGen       total 134656K, used 37467K [0x0000000080000000, 0x0000000088380000, 0x00000000d5580000)
  object space 134656K, 27% used [0x0000000080000000,0x0000000082496da0,0x0000000088380000)
 Metaspace       used 56552K, capacity 58914K, committed 59156K, reserved 1099776K
  class space    used 7699K, capacity 8218K, committed 8320K, reserved 1048576K

Card table byte_map: [0x0000000011a40000,0x0000000011e50000] byte_map_base: 0x0000000011640000

Marking Bits: (ParMarkBitMap*) 0x0000000076e7f030
 Begin Bits: [0x0000000012300000, 0x0000000014300000)
 End Bits:   [0x0000000014300000, 0x0000000016300000)

Polling page: 0x00000000007d0000

CodeCache: size=245760Kb used=17462Kb max_used=17484Kb free=228297Kb
 bounds [0x0000000002680000, 0x00000000037b0000, 0x0000000011680000]
 total_blobs=5741 nmethods=4975 adapters=679
 compilation: enabled

Compilation events (10 events):
Event: 19.891 Thread 0x0000000017063800 5295       3       org.gradle.internal.reflect.MethodSet::add (50 bytes)
Event: 19.891 Thread 0x0000000017063800 nmethod 5295 0x0000000003755290 code [0x0000000003755460, 0x0000000003755d58]
Event: 19.928 Thread 0x0000000017061800 nmethod 5247 0x00000000037969d0 code [0x0000000003796e60, 0x000000000379b300]
Event: 19.928 Thread 0x0000000017061800 5293       4       java.lang.Class::arrayContentsEq (70 bytes)
Event: 19.930 Thread 0x0000000017061800 nmethod 5293 0x0000000003753a50 code [0x0000000003753b80, 0x0000000003753c78]
Event: 19.930 Thread 0x0000000017061800 5296       4       sun.misc.URLClassPath$JarLoader::findResource (18 bytes)
Event: 19.930 Thread 0x0000000017061800 nmethod 5296 0x00000000037537d0 code [0x0000000003753920, 0x00000000037539a8]
Event: 19.930 Thread 0x0000000017061800 5178       4       java.lang.reflect.Method::getGenericParameterTypes (5 bytes)
Event: 19.949 Thread 0x0000000017061800 nmethod 5178 0x000000000374fdd0 code [0x000000000374ffa0, 0x00000000037507e8]
Event: 20.989 Thread 0x0000000017061800 5297   !   4       java.lang.ref.Reference::tryHandlePending (115 bytes)

GC Heap History (10 events):
Event: 9.464 GC heap before
{Heap before GC invocations=9 (full 1):
 PSYoungGen      total 142336K, used 44071K [0x00000000d5580000, 0x00000000e5780000, 0x0000000100000000)
  eden space 131072K, 25% used [0x00000000d5580000,0x00000000d758e048,0x00000000dd580000)
  from space 11264K, 99% used [0x00000000dd580000,0x00000000de07bc80,0x00000000de080000)
  to   space 14848K, 0% used [0x00000000e4900000,0x00000000e4900000,0x00000000e5780000)
 ParOldGen       total 56320K, used 14337K [0x0000000080000000, 0x0000000083700000, 0x00000000d5580000)
  object space 56320K, 25% used [0x0000000080000000,0x0000000080e00620,0x0000000083700000)
 Metaspace       used 34212K, capacity 35380K, committed 35416K, reserved 1079296K
  class space    used 4699K, capacity 4969K, committed 4992K, reserved 1048576K
Event: 9.508 GC heap after
Heap after GC invocations=9 (full 1):
 PSYoungGen      total 250368K, used 8012K [0x00000000d5580000, 0x00000000e5800000, 0x0000000100000000)
  eden space 235520K, 0% used [0x00000000d5580000,0x00000000d5580000,0x00000000e3b80000)
  from space 14848K, 53% used [0x00000000e4900000,0x00000000e50d3200,0x00000000e5780000)
  to   space 13824K, 0% used [0x00000000e3b80000,0x00000000e3b80000,0x00000000e4900000)
 ParOldGen       total 56320K, used 14337K [0x0000000080000000, 0x0000000083700000, 0x00000000d5580000)
  object space 56320K, 25% used [0x0000000080000000,0x0000000080e00620,0x0000000083700000)
 Metaspace       used 34212K, capacity 35380K, committed 35416K, reserved 1079296K
  class space    used 4699K, capacity 4969K, committed 4992K, reserved 1048576K
}
Event: 9.508 GC heap before
{Heap before GC invocations=10 (full 2):
 PSYoungGen      total 250368K, used 8012K [0x00000000d5580000, 0x00000000e5800000, 0x0000000100000000)
  eden space 235520K, 0% used [0x00000000d5580000,0x00000000d5580000,0x00000000e3b80000)
  from space 14848K, 53% used [0x00000000e4900000,0x00000000e50d3200,0x00000000e5780000)
  to   space 13824K, 0% used [0x00000000e3b80000,0x00000000e3b80000,0x00000000e4900000)
 ParOldGen       total 56320K, used 14337K [0x0000000080000000, 0x0000000083700000, 0x00000000d5580000)
  object space 56320K, 25% used [0x0000000080000000,0x0000000080e00620,0x0000000083700000)
 Metaspace       used 34212K, capacity 35380K, committed 35416K, reserved 1079296K
  class space    used 4699K, capacity 4969K, committed 4992K, reserved 1048576K
Event: 10.120 GC heap after
Heap after GC invocations=10 (full 2):
 PSYoungGen      total 250368K, used 0K [0x00000000d5580000, 0x00000000e5800000, 0x0000000100000000)
  eden space 235520K, 0% used [0x00000000d5580000,0x00000000d5580000,0x00000000e3b80000)
  from space 14848K, 0% used [0x00000000e4900000,0x00000000e4900000,0x00000000e5780000)
  to   space 13824K, 0% used [0x00000000e3b80000,0x00000000e3b80000,0x00000000e4900000)
 ParOldGen       total 82432K, used 14398K [0x0000000080000000, 0x0000000085080000, 0x00000000d5580000)
  object space 82432K, 17% used [0x0000000080000000,0x0000000080e0fb88,0x0000000085080000)
 Metaspace       used 34212K, capacity 35380K, committed 35416K, reserved 1079296K
  class space    used 4699K, capacity 4969K, committed 4992K, reserved 1048576K
}
Event: 15.218 GC heap before
{Heap before GC invocations=11 (full 2):
 PSYoungGen      total 250368K, used 235520K [0x00000000d5580000, 0x00000000e5800000, 0x0000000100000000)
  eden space 235520K, 100% used [0x00000000d5580000,0x00000000e3b80000,0x00000000e3b80000)
  from space 14848K, 0% used [0x00000000e4900000,0x00000000e4900000,0x00000000e5780000)
  to   space 13824K, 0% used [0x00000000e3b80000,0x00000000e3b80000,0x00000000e4900000)
 ParOldGen       total 82432K, used 14398K [0x0000000080000000, 0x0000000085080000, 0x00000000d5580000)
  object space 82432K, 17% used [0x0000000080000000,0x0000000080e0fb88,0x0000000085080000)
 Metaspace       used 47810K, capacity 49758K, committed 49880K, reserved 1091584K
  class space    used 6430K, capacity 6825K, committed 6912K, reserved 1048576K
Event: 15.275 GC heap after
Heap after GC invocations=11 (full 2):
 PSYoungGen      total 249344K, used 13808K [0x00000000d5580000, 0x00000000e9000000, 0x0000000100000000)
  eden space 235520K, 0% used [0x00000000d5580000,0x00000000d5580000,0x00000000e3b80000)
  from space 13824K, 99% used [0x00000000e3b80000,0x00000000e48fc058,0x00000000e4900000)
  to   space 18432K, 0% used [0x00000000e7e00000,0x00000000e7e00000,0x00000000e9000000)
 ParOldGen       total 82432K, used 20922K [0x0000000080000000, 0x0000000085080000, 0x00000000d5580000)
  object space 82432K, 25% used [0x0000000080000000,0x000000008146eb38,0x0000000085080000)
 Metaspace       used 47810K, capacity 49758K, committed 49880K, reserved 1091584K
  class space    used 6430K, capacity 6825K, committed 6912K, reserved 1048576K
}
Event: 19.985 GC heap before
{Heap before GC invocations=12 (full 2):
 PSYoungGen      total 249344K, used 155712K [0x00000000d5580000, 0x00000000e9000000, 0x0000000100000000)
  eden space 235520K, 60% used [0x00000000d5580000,0x00000000de014268,0x00000000e3b80000)
  from space 13824K, 99% used [0x00000000e3b80000,0x00000000e48fc058,0x00000000e4900000)
  to   space 18432K, 0% used [0x00000000e7e00000,0x00000000e7e00000,0x00000000e9000000)
 ParOldGen       total 82432K, used 20922K [0x0000000080000000, 0x0000000085080000, 0x00000000d5580000)
  object space 82432K, 25% used [0x0000000080000000,0x000000008146eb38,0x0000000085080000)
 Metaspace       used 56552K, capacity 58882K, committed 59028K, reserved 1099776K
  class space    used 7699K, capacity 8186K, committed 8192K, reserved 1048576K
Event: 20.054 GC heap after
Heap after GC invocations=12 (full 2):
 PSYoungGen      total 297472K, used 18412K [0x00000000d5580000, 0x00000000e9400000, 0x0000000100000000)
  eden space 279040K, 0% used [0x00000000d5580000,0x00000000d5580000,0x00000000e6600000)
  from space 18432K, 99% used [0x00000000e7e00000,0x00000000e8ffb320,0x00000000e9000000)
  to   space 23552K, 0% used [0x00000000e6600000,0x00000000e6600000,0x00000000e7d00000)
 ParOldGen       total 82432K, used 28074K [0x0000000080000000, 0x0000000085080000, 0x00000000d5580000)
  object space 82432K, 34% used [0x0000000080000000,0x0000000081b6a910,0x0000000085080000)
 Metaspace       used 56552K, capacity 58882K, committed 59028K, reserved 1099776K
  class space    used 7699K, capacity 8186K, committed 8192K, reserved 1048576K
}
Event: 20.054 GC heap before
{Heap before GC invocations=13 (full 3):
 PSYoungGen      total 297472K, used 18412K [0x00000000d5580000, 0x00000000e9400000, 0x0000000100000000)
  eden space 279040K, 0% used [0x00000000d5580000,0x00000000d5580000,0x00000000e6600000)
  from space 18432K, 99% used [0x00000000e7e00000,0x00000000e8ffb320,0x00000000e9000000)
  to   space 23552K, 0% used [0x00000000e6600000,0x00000000e6600000,0x00000000e7d00000)
 ParOldGen       total 82432K, used 28074K [0x0000000080000000, 0x0000000085080000, 0x00000000d5580000)
  object space 82432K, 34% used [0x0000000080000000,0x0000000081b6a910,0x0000000085080000)
 Metaspace       used 56552K, capacity 58882K, committed 59028K, reserved 1099776K
  class space    used 7699K, capacity 8186K, committed 8192K, reserved 1048576K
Event: 20.988 GC heap after
Heap after GC invocations=13 (full 3):
 PSYoungGen      total 297472K, used 0K [0x00000000d5580000, 0x00000000e9400000, 0x0000000100000000)
  eden space 279040K, 0% used [0x00000000d5580000,0x00000000d5580000,0x00000000e6600000)
  from space 18432K, 0% used [0x00000000e7e00000,0x00000000e7e00000,0x00000000e9000000)
  to   space 23552K, 0% used [0x00000000e6600000,0x00000000e6600000,0x00000000e7d00000)
 ParOldGen       total 134656K, used 37467K [0x0000000080000000, 0x0000000088380000, 0x00000000d5580000)
  object space 134656K, 27% used [0x0000000080000000,0x0000000082496da0,0x0000000088380000)
 Metaspace       used 56552K, capacity 58882K, committed 59028K, reserved 1099776K
  class space    used 7699K, capacity 8186K, committed 8192K, reserved 1048576K
}

Deoptimization events (10 events):
Event: 18.450 Thread 0x000000001a043000 Uncommon trap: reason=unstable_if action=reinterpret pc=0x0000000003595ea8 method=org.codehaus.groovy.runtime.metaclass.MetaMethodIndex.addMethodToList(Ljava/lang/Object;Lgroovy/lang/MetaMethod;)Ljava/lang/Object; @ 256
Event: 18.450 Thread 0x000000001a043000 Uncommon trap: reason=unstable_if action=reinterpret pc=0x00000000035a630c method=org.codehaus.groovy.runtime.metaclass.MetaMethodIndex.addMethodToList(Ljava/lang/Object;Lgroovy/lang/MetaMethod;)Ljava/lang/Object; @ 256
Event: 19.066 Thread 0x000000001a043000 Uncommon trap: reason=unstable_if action=reinterpret pc=0x00000000036da5c4 method=org.codehaus.groovy.runtime.metaclass.MetaMethodIndex.copyNonPrivateNonNewMetaMethods(Lorg/codehaus/groovy/runtime/metaclass/MetaMethodIndex$Entry;Lorg/codehaus/groovy/runti
Event: 19.746 Thread 0x000000001a043000 Uncommon trap: reason=unstable_if action=reinterpret pc=0x00000000033fca20 method=org.objectweb.asm.ByteVector.putInt(I)Lorg/objectweb/asm/ByteVector; @ 13
Event: 19.890 Thread 0x000000001a043000 Uncommon trap: reason=unstable_if action=reinterpret pc=0x00000000029d924c method=java.util.HashMap.resize()[Ljava/util/HashMap$Node; @ 206
Event: 19.890 Thread 0x000000001a043000 Uncommon trap: reason=unstable_if action=reinterpret pc=0x00000000034501b4 method=java.util.HashMap.getNode(ILjava/lang/Object;)Ljava/util/HashMap$Node; @ 84
Event: 19.891 Thread 0x000000001a043000 Uncommon trap: reason=unstable_if action=reinterpret pc=0x00000000036660f0 method=java.util.HashMap.getNode(ILjava/lang/Object;)Ljava/util/HashMap$Node; @ 84
Event: 19.891 Thread 0x000000001a043000 Uncommon trap: reason=unstable_if action=reinterpret pc=0x00000000033f516c method=java.util.HashMap.getNode(ILjava/lang/Object;)Ljava/util/HashMap$Node; @ 84
Event: 19.982 Thread 0x000000001a043000 Uncommon trap: reason=unstable_if action=reinterpret pc=0x0000000003137e90 method=java.io.WinNTFileSystem.normalize(Ljava/lang/String;)Ljava/lang/String; @ 74
Event: 19.982 Thread 0x000000001a043000 Uncommon trap: reason=unstable_if action=reinterpret pc=0x0000000002dfc5a0 method=java.io.WinNTFileSystem.normalize(Ljava/lang/String;II)Ljava/lang/String; @ 103

Classes redefined (0 events):
No events

Internal exceptions (10 events):
Event: 19.068 Thread 0x000000001a043000 Exception <a 'java/lang/ClassNotFoundException': org/gradle/api/internal/file/AbstractFileCollectionBeanInfo> (0x00000000dd329458) thrown at [C:\src\AOSP-openjdk-git\hotspot\src\share\vm\classfile\systemDictionary.cpp, line 210]
Event: 19.068 Thread 0x000000001a043000 Exception <a 'java/lang/ClassNotFoundException': org/gradle/api/internal/file/AbstractFileCollectionCustomizer> (0x00000000dd345a60) thrown at [C:\src\AOSP-openjdk-git\hotspot\src\share\vm\classfile\systemDictionary.cpp, line 210]
Event: 19.069 Thread 0x000000001a043000 Exception <a 'java/lang/ClassNotFoundException': org/gradle/api/internal/artifacts/configurations/DefaultConfigurationCustomizer> (0x00000000dd390520) thrown at [C:\src\AOSP-openjdk-git\hotspot\src\share\vm\classfile\systemDictionary.cpp, line 210]
Event: 19.188 Thread 0x000000001a043000 Exception <a 'java/lang/ClassNotFoundException': org/gradle/api/internal/artifacts/configurations/DefaultConfiguration_DecoratedCustomizer> (0x00000000dd440f48) thrown at [C:\src\AOSP-openjdk-git\hotspot\src\share\vm\classfile\systemDictionary.cpp, line 2
Event: 19.217 Thread 0x000000001a043000 Exception <a 'java/lang/ClassNotFoundException': org/codehaus/groovy/runtime/MethodClosureBeanInfo> (0x00000000dd53a960) thrown at [C:\src\AOSP-openjdk-git\hotspot\src\share\vm\classfile\systemDictionary.cpp, line 210]
Event: 19.222 Thread 0x000000001a043000 Exception <a 'java/lang/ClassNotFoundException': org/codehaus/groovy/runtime/MethodClosureCustomizer> (0x00000000dd5544d0) thrown at [C:\src\AOSP-openjdk-git\hotspot\src\share\vm\classfile\systemDictionary.cpp, line 210]
Event: 19.240 Thread 0x000000001a043000 Exception <a 'java/lang/ClassNotFoundException': org/gradle/api/internal/artifacts/configurations/DefaultConfiguration$ConfigurationResolvableDependencies_DecoratedBeanInfo> (0x00000000dd5e34b8) thrown at [C:\src\AOSP-openjdk-git\hotspot\src\share\vm\clas
Event: 19.241 Thread 0x000000001a043000 Exception <a 'java/lang/ClassNotFoundException': org/gradle/api/internal/artifacts/configurations/DefaultConfiguration$ConfigurationResolvableDependenciesBeanInfo> (0x00000000dd62e500) thrown at [C:\src\AOSP-openjdk-git\hotspot\src\share\vm\classfile\syst
Event: 19.241 Thread 0x000000001a043000 Exception <a 'java/lang/ClassNotFoundException': org/gradle/api/internal/artifacts/configurations/DefaultConfiguration$ConfigurationResolvableDependenciesCustomizer> (0x00000000dd67b5a8) thrown at [C:\src\AOSP-openjdk-git\hotspot\src\share\vm\classfile\sy
Event: 19.247 Thread 0x000000001a043000 Exception <a 'java/lang/ClassNotFoundException': org/gradle/api/internal/artifacts/configurations/DefaultConfiguration$ConfigurationResolvableDependencies_DecoratedCustomizer> (0x00000000dd6e2dd8) thrown at [C:\src\AOSP-openjdk-git\hotspot\src\share\vm\cl

Events (10 events):
Event: 19.982 Thread 0x000000001a043000 DEOPT UNPACKING pc=0x00000000026c557b sp=0x000000001c1a9330 mode 2
Event: 19.984 loading class org/gradle/internal/resources/ResourceDeadlockException
Event: 19.984 loading class org/gradle/internal/resources/ResourceDeadlockException done
Event: 19.985 loading class org/gradle/execution/plan/MutationInfo
Event: 19.985 loading class org/gradle/execution/plan/MutationInfo done
Event: 19.985 Executing VM operation: CollectForMetadataAllocation
Event: 20.988 Executing VM operation: CollectForMetadataAllocation done
Event: 20.989 Executing VM operation: RevokeBias
Event: 20.989 Executing VM operation: RevokeBias done
Event: 20.990 Executing VM operation: BulkRevokeBias


Dynamic libraries:
0x00007ff717ef0000 - 0x00007ff717f21000 	C:\Program Files\Android\Android Studio2\jre\bin\java.exe
0x00007fffe3830000 - 0x00007fffe3a25000 	C:\WINDOWS\SYSTEM32\ntdll.dll
0x00007fffe2d70000 - 0x00007fffe2e2e000 	C:\WINDOWS\System32\KERNEL32.DLL
0x00007fffe1290000 - 0x00007fffe1558000 	C:\WINDOWS\System32\KERNELBASE.dll
0x00007fffe2e30000 - 0x00007fffe2ede000 	C:\WINDOWS\System32\ADVAPI32.dll
0x00007fffe1bd0000 - 0x00007fffe1c6e000 	C:\WINDOWS\System32\msvcrt.dll
0x00007fffe2c50000 - 0x00007fffe2cec000 	C:\WINDOWS\System32\sechost.dll
0x00007fffe2ab0000 - 0x00007fffe2bd5000 	C:\WINDOWS\System32\RPCRT4.dll
0x00007fffe1890000 - 0x00007fffe1a30000 	C:\WINDOWS\System32\USER32.dll
0x00007fffe1050000 - 0x00007fffe1072000 	C:\WINDOWS\System32\win32u.dll
0x00007fffe37c0000 - 0x00007fffe37ea000 	C:\WINDOWS\System32\GDI32.dll
0x00007fffe1130000 - 0x00007fffe123b000 	C:\WINDOWS\System32\gdi32full.dll
0x00007fffe17f0000 - 0x00007fffe188d000 	C:\WINDOWS\System32\msvcp_win.dll
0x00007fffe0f50000 - 0x00007fffe1050000 	C:\WINDOWS\System32\ucrtbase.dll
0x00007fffdff40000 - 0x00007fffe01da000 	C:\WINDOWS\WinSxS\amd64_microsoft.windows.common-controls_6595b64144ccf1df_6.0.19041.1110_none_60b5254171f9507e\COMCTL32.dll
0x00007fffe22a0000 - 0x00007fffe22d0000 	C:\WINDOWS\System32\IMM32.DLL
0x0000000075b60000 - 0x0000000075c32000 	C:\Program Files\Android\Android Studio2\jre\jre\bin\msvcr100.dll
0x00000000766b0000 - 0x0000000076efb000 	C:\Program Files\Android\Android Studio2\jre\jre\bin\server\jvm.dll
0x00007fffe1bb0000 - 0x00007fffe1bb8000 	C:\WINDOWS\System32\PSAPI.DLL
0x00007fffc3930000 - 0x00007fffc3957000 	C:\WINDOWS\SYSTEM32\WINMM.dll
0x00007fffd9770000 - 0x00007fffd9779000 	C:\WINDOWS\SYSTEM32\WSOCK32.dll
0x00007fffe1c70000 - 0x00007fffe1cdb000 	C:\WINDOWS\System32\WS2_32.dll
0x00007fffda260000 - 0x00007fffda26a000 	C:\WINDOWS\SYSTEM32\VERSION.dll
0x00007fffcd9e0000 - 0x00007fffcd9ef000 	C:\Program Files\Android\Android Studio2\jre\jre\bin\verify.dll
0x00007fffbe110000 - 0x00007fffbe139000 	C:\Program Files\Android\Android Studio2\jre\jre\bin\java.dll
0x00007fffcb980000 - 0x00007fffcb996000 	C:\Program Files\Android\Android Studio2\jre\jre\bin\zip.dll
0x00007fffe22d0000 - 0x00007fffe2a14000 	C:\WINDOWS\System32\SHELL32.dll
0x00007fffdea00000 - 0x00007fffdf194000 	C:\WINDOWS\SYSTEM32\windows.storage.dll
0x00007fffe1f40000 - 0x00007fffe2294000 	C:\WINDOWS\System32\combase.dll
0x00007fffe0570000 - 0x00007fffe059c000 	C:\WINDOWS\SYSTEM32\Wldp.dll
0x00007fffe3710000 - 0x00007fffe37bd000 	C:\WINDOWS\System32\SHCORE.dll
0x00007fffe1db0000 - 0x00007fffe1e05000 	C:\WINDOWS\System32\shlwapi.dll
0x00007fffe0e90000 - 0x00007fffe0eaf000 	C:\WINDOWS\SYSTEM32\profapi.dll
0x00007fffcb3f0000 - 0x00007fffcb40a000 	C:\Program Files\Android\Android Studio2\jre\jre\bin\net.dll
0x00007fffe02f0000 - 0x00007fffe035a000 	C:\WINDOWS\system32\mswsock.dll
0x00007fffc73b0000 - 0x00007fffc73c3000 	C:\Program Files\Android\Android Studio2\jre\jre\bin\nio.dll
0x00007fffbd4f0000 - 0x00007fffbd517000 	C:\Users\Rahul Shinde\.gradle\native\f6784746aeab05261644944871eae4fe03e0ef1612fff0a4a95f87b438bc6780\windows-amd64\native-platform.dll
0x00007fffcd500000 - 0x00007fffcd50d000 	C:\Program Files\Android\Android Studio2\jre\jre\bin\management.dll
0x00007fffe0b40000 - 0x00007fffe0b58000 	C:\WINDOWS\SYSTEM32\CRYPTSP.dll
0x00007fffdf960000 - 0x00007fffdf994000 	C:\WINDOWS\system32\rsaenh.dll
0x00007fffe1660000 - 0x00007fffe1687000 	C:\WINDOWS\System32\bcrypt.dll
0x00007fffe0e10000 - 0x00007fffe0e3e000 	C:\WINDOWS\SYSTEM32\USERENV.dll
0x00007fffe1560000 - 0x00007fffe15e2000 	C:\WINDOWS\System32\bcryptprimitives.dll
0x00007fffe04e0000 - 0x00007fffe04ec000 	C:\WINDOWS\SYSTEM32\CRYPTBASE.dll
0x00007fffdfce0000 - 0x00007fffdfd1b000 	C:\WINDOWS\SYSTEM32\IPHLPAPI.DLL
0x00007fffe1bc0000 - 0x00007fffe1bc8000 	C:\WINDOWS\System32\NSI.dll
0x00007fffcb8e0000 - 0x00007fffcb8f7000 	C:\WINDOWS\SYSTEM32\dhcpcsvc6.DLL
0x00007fffcb5b0000 - 0x00007fffcb5cd000 	C:\WINDOWS\SYSTEM32\dhcpcsvc.DLL
0x00007fffdfd20000 - 0x00007fffdfdeb000 	C:\WINDOWS\SYSTEM32\DNSAPI.dll
0x00007fffcd420000 - 0x00007fffcd42b000 	C:\WINDOWS\SYSTEM32\WINNSI.DLL

VM Arguments:
jvm_args: -Xmx2048m -Dfile.encoding=UTF-8 -Duser.country=IN -Duser.language=en -Duser.variant 
java_command: org.gradle.launcher.daemon.bootstrap.GradleDaemon 6.5
java_class_path (initial): C:\Users\Rahul Shinde\.gradle\wrapper\dists\gradle-6.5-bin\6nifqtx7604sqp1q6g8wikw7p\gradle-6.5\lib\gradle-launcher-6.5.jar
Launcher Type: SUN_STANDARD

Environment Variables:
PATH=C:\WINDOWS\system32;C:\WINDOWS;C:\WINDOWS\System32\Wbem;C:\WINDOWS\System32\WindowsPowerShell\v1.0\;C:\WINDOWS\System32\OpenSSH\;C:\Users\Rahul Shinde\AppData\Local\Microsoft\WindowsApps;
USERNAME=Rahul Shinde
OS=Windows_NT
PROCESSOR_IDENTIFIER=Intel64 Family 6 Model 142 Stepping 9, GenuineIntel



---------------  S Y S T E M  ---------------

OS: Windows 10.0 , 64 bit Build 19041 (10.0.19041.1645)

CPU:total 2 (initial active 2) (2 cores per cpu, 2 threads per core) family 6 model 142 stepping 9, cmov, cx8, fxsr, mmx, sse, sse2, sse3, ssse3, sse4.1, sse4.2, popcnt, avx, avx2, aes, clmul, erms, 3dnowpref, lzcnt, ht, tsc, tscinvbit, bmi1, bmi2, adx

Memory: 4k page, physical 8254324k(371164k free), swap 33420148k(3248k free)

vm_info: OpenJDK 64-Bit Server VM (25.242-b01) for windows-amd64 JRE (1.8.0_242-release-1644-b01), built by "builder" with MS VC++ 10.0 (VS2010)

time: Wed May 04 12:04:07 2022
timezone: India Standard Time
elapsed time: 21 seconds (0d 0h 0m 21s)

